[0.090s] DEBUG:colcon:Command line arguments: ['/usr/bin/colcon', 'build', '--symlink-install']
[0.090s] DEBUG:colcon:Parsed command line arguments: Namespace(log_base=None, log_level=None, verb_name='build', build_base='build', install_base='install', merge_install=False, symlink_install=True, test_result_base=None, continue_on_error=False, executor='parallel', parallel_workers=16, event_handlers=None, ignore_user_meta=False, metas=['./colcon.meta'], base_paths=['.'], packages_ignore=None, packages_ignore_regex=None, paths=None, packages_up_to=None, packages_up_to_regex=None, packages_above=None, packages_above_and_dependencies=None, packages_above_depth=None, packages_select_by_dep=None, packages_skip_by_dep=None, packages_skip_up_to=None, packages_select_build_failed=False, packages_skip_build_finished=False, packages_select_test_failures=False, packages_skip_test_passed=False, packages_select=None, packages_skip=None, packages_select_regex=None, packages_skip_regex=None, packages_start=None, packages_end=None, allow_overriding=[], cmake_args=None, cmake_target=None, cmake_target_skip_unavailable=False, cmake_clean_cache=False, cmake_clean_first=False, cmake_force_configure=False, ament_cmake_args=None, catkin_cmake_args=None, catkin_skip_building_tests=False, mixin_files=None, mixin=None, verb_parser=<colcon_mixin.mixin.mixin_argument.MixinArgumentDecorator object at 0x7da321c3eda0>, verb_extension=<colcon_core.verb.build.BuildVerb object at 0x7da321c3e7a0>, main=<bound method BuildVerb.main of <colcon_core.verb.build.BuildVerb object at 0x7da321c3e7a0>>, mixin_verb=('build',))
[0.226s] Level 1:colcon.colcon_core.package_discovery:discover_packages(colcon_meta) check parameters
[0.226s] Level 1:colcon.colcon_core.package_discovery:discover_packages(recursive) check parameters
[0.226s] Level 1:colcon.colcon_core.package_discovery:discover_packages(ignore) check parameters
[0.226s] Level 1:colcon.colcon_core.package_discovery:discover_packages(path) check parameters
[0.226s] Level 1:colcon.colcon_core.package_discovery:discover_packages(colcon_meta) discover
[0.226s] Level 1:colcon.colcon_core.package_discovery:discover_packages(recursive) discover
[0.226s] INFO:colcon.colcon_core.package_discovery:Crawling recursively for packages in '/home/viktor/Desktop/palletron_harware_interfaces-master/motor_service'
[0.226s] Level 1:colcon.colcon_core.package_identification:_identify(.) by extensions ['ignore', 'ignore_ament_install']
[0.227s] Level 1:colcon.colcon_core.package_identification:_identify(.) by extension 'ignore'
[0.227s] Level 1:colcon.colcon_core.package_identification:_identify(.) by extension 'ignore_ament_install'
[0.227s] Level 1:colcon.colcon_core.package_identification:_identify(.) by extensions ['colcon_pkg']
[0.227s] Level 1:colcon.colcon_core.package_identification:_identify(.) by extension 'colcon_pkg'
[0.227s] Level 1:colcon.colcon_core.package_identification:_identify(.) by extensions ['colcon_meta']
[0.227s] Level 1:colcon.colcon_core.package_identification:_identify(.) by extension 'colcon_meta'
[0.227s] Level 1:colcon.colcon_core.package_identification:_identify(.) by extensions ['ros']
[0.227s] Level 1:colcon.colcon_core.package_identification:_identify(.) by extension 'ros'
[0.236s] DEBUG:colcon.colcon_core.package_identification:Package '.' with type 'ros.ament_python' and name 'motor_service'
[0.236s] Level 1:colcon.colcon_core.package_discovery:discover_packages(recursive) using defaults
[0.236s] Level 1:colcon.colcon_core.package_discovery:discover_packages(ignore) discover
[0.236s] Level 1:colcon.colcon_core.package_discovery:discover_packages(ignore) using defaults
[0.236s] Level 1:colcon.colcon_core.package_discovery:discover_packages(path) discover
[0.236s] Level 1:colcon.colcon_core.package_discovery:discover_packages(path) using defaults
[0.259s] Level 1:colcon.colcon_core.package_discovery:discover_packages(prefix_path) check parameters
[0.259s] Level 1:colcon.colcon_core.package_discovery:discover_packages(prefix_path) discover
[0.261s] DEBUG:colcon.colcon_installed_package_information.package_discovery:Found 381 installed packages in /opt/ros/humble
[0.263s] Level 1:colcon.colcon_core.package_discovery:discover_packages(prefix_path) using defaults
[0.297s] Level 5:colcon.colcon_core.verb:set package 'motor_service' build argument 'cmake_args' from command line to 'None'
[0.297s] Level 5:colcon.colcon_core.verb:set package 'motor_service' build argument 'cmake_target' from command line to 'None'
[0.297s] Level 5:colcon.colcon_core.verb:set package 'motor_service' build argument 'cmake_target_skip_unavailable' from command line to 'False'
[0.297s] Level 5:colcon.colcon_core.verb:set package 'motor_service' build argument 'cmake_clean_cache' from command line to 'False'
[0.297s] Level 5:colcon.colcon_core.verb:set package 'motor_service' build argument 'cmake_clean_first' from command line to 'False'
[0.297s] Level 5:colcon.colcon_core.verb:set package 'motor_service' build argument 'cmake_force_configure' from command line to 'False'
[0.297s] Level 5:colcon.colcon_core.verb:set package 'motor_service' build argument 'ament_cmake_args' from command line to 'None'
[0.297s] Level 5:colcon.colcon_core.verb:set package 'motor_service' build argument 'catkin_cmake_args' from command line to 'None'
[0.297s] Level 5:colcon.colcon_core.verb:set package 'motor_service' build argument 'catkin_skip_building_tests' from command line to 'False'
[0.297s] DEBUG:colcon.colcon_core.verb:Building package 'motor_service' with the following arguments: {'ament_cmake_args': None, 'build_base': '/home/viktor/Desktop/palletron_harware_interfaces-master/motor_service/build/motor_service', 'catkin_cmake_args': None, 'catkin_skip_building_tests': False, 'cmake_args': None, 'cmake_clean_cache': False, 'cmake_clean_first': False, 'cmake_force_configure': False, 'cmake_target': None, 'cmake_target_skip_unavailable': False, 'install_base': '/home/viktor/Desktop/palletron_harware_interfaces-master/motor_service/install/motor_service', 'merge_install': False, 'path': '/home/viktor/Desktop/palletron_harware_interfaces-master/motor_service', 'symlink_install': True, 'test_result_base': None}
[0.297s] INFO:colcon.colcon_core.executor:Executing jobs using 'parallel' executor
[0.298s] DEBUG:colcon.colcon_parallel_executor.executor.parallel:run_until_complete
[0.298s] INFO:colcon.colcon_ros.task.ament_python.build:Building ROS package in '/home/viktor/Desktop/palletron_harware_interfaces-master/motor_service' with build type 'ament_python'
[0.298s] Level 1:colcon.colcon_core.shell:create_environment_hook('motor_service', 'ament_prefix_path')
[0.301s] INFO:colcon.colcon_core.plugin_system:Skipping extension 'colcon_core.shell.bat': Not used on non-Windows systems
[0.301s] INFO:colcon.colcon_core.shell:Creating environment hook '/home/viktor/Desktop/palletron_harware_interfaces-master/motor_service/install/motor_service/share/motor_service/hook/ament_prefix_path.ps1'
[0.302s] INFO:colcon.colcon_core.shell:Creating environment descriptor '/home/viktor/Desktop/palletron_harware_interfaces-master/motor_service/install/motor_service/share/motor_service/hook/ament_prefix_path.dsv'
[0.302s] INFO:colcon.colcon_core.shell:Creating environment hook '/home/viktor/Desktop/palletron_harware_interfaces-master/motor_service/install/motor_service/share/motor_service/hook/ament_prefix_path.sh'
[0.303s] INFO:colcon.colcon_core.shell:Skip shell extension 'powershell' for command environment: Not usable outside of PowerShell
[0.303s] DEBUG:colcon.colcon_core.shell:Skip shell extension 'dsv' for command environment
[0.495s] INFO:colcon.colcon_core.task.python.build:Building Python package in '/home/viktor/Desktop/palletron_harware_interfaces-master/motor_service'
[0.495s] INFO:colcon.colcon_core.shell:Skip shell extension 'powershell' for command environment: Not usable outside of PowerShell
[0.495s] DEBUG:colcon.colcon_core.shell:Skip shell extension 'dsv' for command environment
[0.836s] DEBUG:colcon.colcon_core.event_handler.log_command:Invoking command in '/home/viktor/Desktop/palletron_harware_interfaces-master/motor_service/build/motor_service': PYTHONPATH=/home/viktor/Desktop/palletron_harware_interfaces-master/motor_service/build/motor_service/prefix_override:/usr/lib/python3/dist-packages/colcon_core/task/python/colcon_distutils_commands:/home/viktor/Desktop/palletron_harware_interfaces-master/motor_service/install/motor_service/lib/python3.10/site-packages:${PYTHONPATH} /usr/bin/python3 -W ignore:setup.py install is deprecated setup.py develop --editable --build-directory /home/viktor/Desktop/palletron_harware_interfaces-master/motor_service/build/motor_service/build --no-deps symlink_data
[1.195s] Level 1:colcon.colcon_core.shell:create_environment_hook('motor_service', 'pythonpath_develop')
[1.195s] INFO:colcon.colcon_core.shell:Creating environment hook '/home/viktor/Desktop/palletron_harware_interfaces-master/motor_service/build/motor_service/share/motor_service/hook/pythonpath_develop.ps1'
[1.195s] DEBUG:colcon.colcon_core.event_handler.log_command:Invoked command in '/home/viktor/Desktop/palletron_harware_interfaces-master/motor_service/build/motor_service' returned '0': PYTHONPATH=/home/viktor/Desktop/palletron_harware_interfaces-master/motor_service/build/motor_service/prefix_override:/usr/lib/python3/dist-packages/colcon_core/task/python/colcon_distutils_commands:/home/viktor/Desktop/palletron_harware_interfaces-master/motor_service/install/motor_service/lib/python3.10/site-packages:${PYTHONPATH} /usr/bin/python3 -W ignore:setup.py install is deprecated setup.py develop --editable --build-directory /home/viktor/Desktop/palletron_harware_interfaces-master/motor_service/build/motor_service/build --no-deps symlink_data
[1.196s] INFO:colcon.colcon_core.shell:Creating environment descriptor '/home/viktor/Desktop/palletron_harware_interfaces-master/motor_service/build/motor_service/share/motor_service/hook/pythonpath_develop.dsv'
[1.196s] INFO:colcon.colcon_core.shell:Creating environment hook '/home/viktor/Desktop/palletron_harware_interfaces-master/motor_service/build/motor_service/share/motor_service/hook/pythonpath_develop.sh'
[1.199s] Level 1:colcon.colcon_core.environment:checking '/home/viktor/Desktop/palletron_harware_interfaces-master/motor_service/install/motor_service' for CMake module files
[1.200s] Level 1:colcon.colcon_core.environment:checking '/home/viktor/Desktop/palletron_harware_interfaces-master/motor_service/install/motor_service' for CMake config files
[1.200s] Level 1:colcon.colcon_core.environment:checking '/home/viktor/Desktop/palletron_harware_interfaces-master/motor_service/install/motor_service/lib'
[1.200s] Level 1:colcon.colcon_core.environment:checking '/home/viktor/Desktop/palletron_harware_interfaces-master/motor_service/install/motor_service/bin'
[1.201s] Level 1:colcon.colcon_core.environment:checking '/home/viktor/Desktop/palletron_harware_interfaces-master/motor_service/install/motor_service/lib/pkgconfig/motor_service.pc'
[1.201s] Level 1:colcon.colcon_core.environment:checking '/home/viktor/Desktop/palletron_harware_interfaces-master/motor_service/install/motor_service/lib/python3.10/site-packages'
[1.201s] Level 1:colcon.colcon_core.shell:create_environment_hook('motor_service', 'pythonpath')
[1.201s] INFO:colcon.colcon_core.shell:Creating environment hook '/home/viktor/Desktop/palletron_harware_interfaces-master/motor_service/install/motor_service/share/motor_service/hook/pythonpath.ps1'
[1.201s] INFO:colcon.colcon_core.shell:Creating environment descriptor '/home/viktor/Desktop/palletron_harware_interfaces-master/motor_service/install/motor_service/share/motor_service/hook/pythonpath.dsv'
[1.201s] INFO:colcon.colcon_core.shell:Creating environment hook '/home/viktor/Desktop/palletron_harware_interfaces-master/motor_service/install/motor_service/share/motor_service/hook/pythonpath.sh'
[1.202s] Level 1:colcon.colcon_core.environment:checking '/home/viktor/Desktop/palletron_harware_interfaces-master/motor_service/install/motor_service/bin'
[1.202s] Level 1:colcon.colcon_core.environment:create_environment_scripts_only(motor_service)
[1.202s] INFO:colcon.colcon_core.shell:Creating package script '/home/viktor/Desktop/palletron_harware_interfaces-master/motor_service/install/motor_service/share/motor_service/package.ps1'
[1.203s] INFO:colcon.colcon_core.shell:Creating package descriptor '/home/viktor/Desktop/palletron_harware_interfaces-master/motor_service/install/motor_service/share/motor_service/package.dsv'
[1.203s] INFO:colcon.colcon_core.shell:Creating package script '/home/viktor/Desktop/palletron_harware_interfaces-master/motor_service/install/motor_service/share/motor_service/package.sh'
[1.204s] INFO:colcon.colcon_core.shell:Creating package script '/home/viktor/Desktop/palletron_harware_interfaces-master/motor_service/install/motor_service/share/motor_service/package.bash'
[1.204s] INFO:colcon.colcon_core.shell:Creating package script '/home/viktor/Desktop/palletron_harware_interfaces-master/motor_service/install/motor_service/share/motor_service/package.zsh'
[1.205s] Level 1:colcon.colcon_core.environment:create_file_with_runtime_dependencies(/home/viktor/Desktop/palletron_harware_interfaces-master/motor_service/install/motor_service/share/colcon-core/packages/motor_service)
[1.205s] DEBUG:colcon.colcon_parallel_executor.executor.parallel:closing loop
[1.206s] DEBUG:colcon.colcon_parallel_executor.executor.parallel:loop closed
[1.206s] DEBUG:colcon.colcon_parallel_executor.executor.parallel:run_until_complete finished with '0'
[1.206s] DEBUG:colcon.colcon_core.event_reactor:joining thread
[1.212s] INFO:colcon.colcon_core.plugin_system:Skipping extension 'colcon_notification.desktop_notification.terminal_notifier': Not used on non-Darwin systems
[1.212s] INFO:colcon.colcon_core.plugin_system:Skipping extension 'colcon_notification.desktop_notification.win32': Not used on non-Windows systems
[1.212s] INFO:colcon.colcon_notification.desktop_notification:Sending desktop notification using 'notify2'
[1.252s] DEBUG:colcon.colcon_core.event_reactor:joined thread
[1.252s] INFO:colcon.colcon_core.shell:Creating prefix script '/home/viktor/Desktop/palletron_harware_interfaces-master/motor_service/install/local_setup.ps1'
[1.256s] INFO:colcon.colcon_core.shell:Creating prefix util module '/home/viktor/Desktop/palletron_harware_interfaces-master/motor_service/install/_local_setup_util_ps1.py'
[1.257s] INFO:colcon.colcon_core.shell:Creating prefix chain script '/home/viktor/Desktop/palletron_harware_interfaces-master/motor_service/install/setup.ps1'
[1.258s] INFO:colcon.colcon_core.shell:Creating prefix script '/home/viktor/Desktop/palletron_harware_interfaces-master/motor_service/install/local_setup.sh'
[1.258s] INFO:colcon.colcon_core.shell:Creating prefix util module '/home/viktor/Desktop/palletron_harware_interfaces-master/motor_service/install/_local_setup_util_sh.py'
[1.258s] INFO:colcon.colcon_core.shell:Creating prefix chain script '/home/viktor/Desktop/palletron_harware_interfaces-master/motor_service/install/setup.sh'
[1.259s] INFO:colcon.colcon_core.shell:Creating prefix script '/home/viktor/Desktop/palletron_harware_interfaces-master/motor_service/install/local_setup.bash'
[1.259s] INFO:colcon.colcon_core.shell:Creating prefix chain script '/home/viktor/Desktop/palletron_harware_interfaces-master/motor_service/install/setup.bash'
[1.260s] INFO:colcon.colcon_core.shell:Creating prefix script '/home/viktor/Desktop/palletron_harware_interfaces-master/motor_service/install/local_setup.zsh'
[1.261s] INFO:colcon.colcon_core.shell:Creating prefix chain script '/home/viktor/Desktop/palletron_harware_interfaces-master/motor_service/install/setup.zsh'
