[0.014s] Invoking command in '/home/viktor/Desktop/Palletron/build/motor_interfaces': CMAKE_PREFIX_PATH=/opt/ros/humble /usr/bin/cmake --build /home/viktor/Desktop/Palletron/build/motor_interfaces -- -j16 -l16
[0.223s] [35m[1mConsolidate compiler generated dependencies of target motor_interfaces__rosidl_generator_c[0m
[0.223s] [  2%] Built target motor_interfaces__cpp
[0.223s] [ 12%] Built target motor_interfaces__rosidl_generator_c
[0.224s] [ 12%] Built target ament_cmake_python_symlink_motor_interfaces
[0.224s] [35m[1mConsolidate compiler generated dependencies of target motor_interfaces__rosidl_typesupport_cpp[0m
[0.224s] [35m[1mConsolidate compiler generated dependencies of target motor_interfaces__rosidl_typesupport_fastrtps_cpp[0m
[0.224s] [35m[1mConsolidate compiler generated dependencies of target motor_interfaces__rosidl_typesupport_introspection_cpp[0m
[0.224s] [35m[1mConsolidate compiler generated dependencies of target motor_interfaces__rosidl_typesupport_introspection_c[0m
[0.224s] [35m[1mConsolidate compiler generated dependencies of target motor_interfaces__rosidl_typesupport_fastrtps_c[0m
[0.224s] [35m[1mConsolidate compiler generated dependencies of target motor_interfaces__rosidl_typesupport_c[0m
[0.224s] [ 23%] Built target motor_interfaces__rosidl_typesupport_introspection_c
[0.224s] [ 48%] Built target motor_interfaces__rosidl_typesupport_c
[0.224s] [ 48%] Built target motor_interfaces__rosidl_typesupport_introspection_cpp
[0.225s] [ 53%] Built target motor_interfaces__rosidl_typesupport_fastrtps_cpp
[0.225s] [ 64%] Built target motor_interfaces__rosidl_typesupport_cpp
[0.225s] [ 74%] Built target motor_interfaces__rosidl_typesupport_fastrtps_c
[0.226s] [ 74%] Built target motor_interfaces
[0.226s] [ 76%] Built target motor_interfaces__py
[0.226s] [35m[1mConsolidate compiler generated dependencies of target motor_interfaces__rosidl_generator_py[0m
[0.226s] [ 84%] Built target motor_interfaces__rosidl_generator_py
[0.226s] [35m[1mConsolidate compiler generated dependencies of target motor_interfaces__rosidl_typesupport_c__pyext[0m
[0.227s] [35m[1mConsolidate compiler generated dependencies of target motor_interfaces__rosidl_typesupport_introspection_c__pyext[0m
[0.227s] [35m[1mConsolidate compiler generated dependencies of target motor_interfaces__rosidl_typesupport_fastrtps_c__pyext[0m
[0.227s] [100%] Built target motor_interfaces__rosidl_typesupport_introspection_c__pyext
[0.227s] [100%] Built target motor_interfaces__rosidl_typesupport_fastrtps_c__pyext
[0.227s] [100%] Built target motor_interfaces__rosidl_typesupport_c__pyext
[0.266s] running egg_info
[0.267s] writing motor_interfaces.egg-info/PKG-INFO
[0.267s] writing dependency_links to motor_interfaces.egg-info/dependency_links.txt
[0.267s] writing top-level names to motor_interfaces.egg-info/top_level.txt
[0.269s] reading manifest file 'motor_interfaces.egg-info/SOURCES.txt'
[0.270s] writing manifest file 'motor_interfaces.egg-info/SOURCES.txt'
[0.295s] [100%] Built target ament_cmake_python_build_motor_interfaces_egg
[0.306s] Invoked command in '/home/viktor/Desktop/Palletron/build/motor_interfaces' returned '0': CMAKE_PREFIX_PATH=/opt/ros/humble /usr/bin/cmake --build /home/viktor/Desktop/Palletron/build/motor_interfaces -- -j16 -l16
[0.374s] Invoking command in '/home/viktor/Desktop/Palletron/build/motor_interfaces': CMAKE_PREFIX_PATH=/opt/ros/humble /usr/bin/cmake --install /home/viktor/Desktop/Palletron/build/motor_interfaces
[0.382s] -- Install configuration: ""
[0.382s] -- Execute custom install script
[0.382s] -- Up-to-date symlink: /home/viktor/Desktop/Palletron/install/motor_interfaces/share/ament_index/resource_index/rosidl_interfaces/motor_interfaces
[0.383s] -- Up-to-date symlink: /home/viktor/Desktop/Palletron/install/motor_interfaces/include/motor_interfaces/motor_interfaces/msg/detail/motor_command__functions.h
[0.383s] -- Up-to-date symlink: /home/viktor/Desktop/Palletron/install/motor_interfaces/include/motor_interfaces/motor_interfaces/msg/detail/motor_command__struct.h
[0.383s] -- Up-to-date symlink: /home/viktor/Desktop/Palletron/install/motor_interfaces/include/motor_interfaces/motor_interfaces/msg/detail/motor_command__type_support.h
[0.383s] -- Up-to-date symlink: /home/viktor/Desktop/Palletron/install/motor_interfaces/include/motor_interfaces/motor_interfaces/msg/motor_command.h
[0.383s] -- Up-to-date symlink: /home/viktor/Desktop/Palletron/install/motor_interfaces/include/motor_interfaces/motor_interfaces/msg/rosidl_generator_c__visibility_control.h
[0.383s] -- Up-to-date symlink: /home/viktor/Desktop/Palletron/install/motor_interfaces/include/motor_interfaces/motor_interfaces/srv/detail/set_motor_rpm__functions.h
[0.383s] -- Up-to-date symlink: /home/viktor/Desktop/Palletron/install/motor_interfaces/include/motor_interfaces/motor_interfaces/srv/detail/set_motor_rpm__struct.h
[0.383s] -- Up-to-date symlink: /home/viktor/Desktop/Palletron/install/motor_interfaces/include/motor_interfaces/motor_interfaces/srv/detail/set_motor_rpm__type_support.h
[0.383s] -- Up-to-date symlink: /home/viktor/Desktop/Palletron/install/motor_interfaces/include/motor_interfaces/motor_interfaces/srv/set_motor_rpm.h
[0.384s] -- Up-to-date symlink: /home/viktor/Desktop/Palletron/install/motor_interfaces/share/motor_interfaces/environment/library_path.sh
[0.384s] -- Up-to-date symlink: /home/viktor/Desktop/Palletron/install/motor_interfaces/share/motor_interfaces/environment/library_path.dsv
[0.384s] -- Up-to-date symlink: /home/viktor/Desktop/Palletron/install/motor_interfaces/include/motor_interfaces/motor_interfaces/msg/detail/motor_command__rosidl_typesupport_fastrtps_c.h
[0.384s] -- Up-to-date symlink: /home/viktor/Desktop/Palletron/install/motor_interfaces/include/motor_interfaces/motor_interfaces/msg/rosidl_typesupport_fastrtps_c__visibility_control.h
[0.384s] -- Up-to-date symlink: /home/viktor/Desktop/Palletron/install/motor_interfaces/include/motor_interfaces/motor_interfaces/srv/detail/set_motor_rpm__rosidl_typesupport_fastrtps_c.h
[0.385s] -- Up-to-date symlink: /home/viktor/Desktop/Palletron/install/motor_interfaces/include/motor_interfaces/motor_interfaces/msg/detail/motor_command__rosidl_typesupport_introspection_c.h
[0.385s] -- Up-to-date symlink: /home/viktor/Desktop/Palletron/install/motor_interfaces/include/motor_interfaces/motor_interfaces/msg/rosidl_typesupport_introspection_c__visibility_control.h
[0.385s] -- Up-to-date symlink: /home/viktor/Desktop/Palletron/install/motor_interfaces/include/motor_interfaces/motor_interfaces/srv/detail/set_motor_rpm__rosidl_typesupport_introspection_c.h
[0.385s] -- Up-to-date symlink: /home/viktor/Desktop/Palletron/install/motor_interfaces/include/motor_interfaces/motor_interfaces/msg/detail/motor_command__builder.hpp
[0.385s] -- Up-to-date symlink: /home/viktor/Desktop/Palletron/install/motor_interfaces/include/motor_interfaces/motor_interfaces/msg/detail/motor_command__struct.hpp
[0.385s] -- Up-to-date symlink: /home/viktor/Desktop/Palletron/install/motor_interfaces/include/motor_interfaces/motor_interfaces/msg/detail/motor_command__traits.hpp
[0.385s] -- Up-to-date symlink: /home/viktor/Desktop/Palletron/install/motor_interfaces/include/motor_interfaces/motor_interfaces/msg/motor_command.hpp
[0.385s] -- Up-to-date symlink: /home/viktor/Desktop/Palletron/install/motor_interfaces/include/motor_interfaces/motor_interfaces/srv/detail/set_motor_rpm__builder.hpp
[0.386s] -- Up-to-date symlink: /home/viktor/Desktop/Palletron/install/motor_interfaces/include/motor_interfaces/motor_interfaces/srv/detail/set_motor_rpm__struct.hpp
[0.386s] -- Up-to-date symlink: /home/viktor/Desktop/Palletron/install/motor_interfaces/include/motor_interfaces/motor_interfaces/srv/detail/set_motor_rpm__traits.hpp
[0.386s] -- Up-to-date symlink: /home/viktor/Desktop/Palletron/install/motor_interfaces/include/motor_interfaces/motor_interfaces/srv/set_motor_rpm.hpp
[0.386s] -- Up-to-date symlink: /home/viktor/Desktop/Palletron/install/motor_interfaces/include/motor_interfaces/motor_interfaces/msg/detail/motor_command__rosidl_typesupport_fastrtps_cpp.hpp
[0.386s] -- Up-to-date symlink: /home/viktor/Desktop/Palletron/install/motor_interfaces/include/motor_interfaces/motor_interfaces/msg/rosidl_typesupport_fastrtps_cpp__visibility_control.h
[0.386s] -- Up-to-date symlink: /home/viktor/Desktop/Palletron/install/motor_interfaces/include/motor_interfaces/motor_interfaces/srv/detail/set_motor_rpm__rosidl_typesupport_fastrtps_cpp.hpp
[0.387s] -- Up-to-date symlink: /home/viktor/Desktop/Palletron/install/motor_interfaces/include/motor_interfaces/motor_interfaces/msg/detail/motor_command__rosidl_typesupport_introspection_cpp.hpp
[0.387s] -- Up-to-date symlink: /home/viktor/Desktop/Palletron/install/motor_interfaces/include/motor_interfaces/motor_interfaces/srv/detail/set_motor_rpm__rosidl_typesupport_introspection_cpp.hpp
[0.387s] -- Up-to-date symlink: /home/viktor/Desktop/Palletron/install/motor_interfaces/share/motor_interfaces/environment/pythonpath.sh
[0.387s] -- Up-to-date symlink: /home/viktor/Desktop/Palletron/install/motor_interfaces/share/motor_interfaces/environment/pythonpath.dsv
[0.387s] -- Up-to-date symlink: /home/viktor/Desktop/Palletron/install/motor_interfaces/local/lib/python3.10/dist-packages/motor_interfaces-0.0.0-py3.10.egg-info/PKG-INFO
[0.387s] -- Up-to-date symlink: /home/viktor/Desktop/Palletron/install/motor_interfaces/local/lib/python3.10/dist-packages/motor_interfaces-0.0.0-py3.10.egg-info/SOURCES.txt
[0.387s] -- Up-to-date symlink: /home/viktor/Desktop/Palletron/install/motor_interfaces/local/lib/python3.10/dist-packages/motor_interfaces-0.0.0-py3.10.egg-info/dependency_links.txt
[0.388s] -- Up-to-date symlink: /home/viktor/Desktop/Palletron/install/motor_interfaces/local/lib/python3.10/dist-packages/motor_interfaces-0.0.0-py3.10.egg-info/top_level.txt
[0.388s] -- Up-to-date symlink: /home/viktor/Desktop/Palletron/install/motor_interfaces/local/lib/python3.10/dist-packages/motor_interfaces/__init__.py
[0.388s] -- Up-to-date symlink: /home/viktor/Desktop/Palletron/install/motor_interfaces/local/lib/python3.10/dist-packages/motor_interfaces/_motor_interfaces_s.ep.rosidl_typesupport_c.c
[0.388s] -- Up-to-date symlink: /home/viktor/Desktop/Palletron/install/motor_interfaces/local/lib/python3.10/dist-packages/motor_interfaces/_motor_interfaces_s.ep.rosidl_typesupport_fastrtps_c.c
[0.389s] -- Up-to-date symlink: /home/viktor/Desktop/Palletron/install/motor_interfaces/local/lib/python3.10/dist-packages/motor_interfaces/_motor_interfaces_s.ep.rosidl_typesupport_introspection_c.c
[0.389s] -- Up-to-date symlink: /home/viktor/Desktop/Palletron/install/motor_interfaces/local/lib/python3.10/dist-packages/motor_interfaces/libmotor_interfaces__rosidl_generator_py.so
[0.389s] -- Up-to-date symlink: /home/viktor/Desktop/Palletron/install/motor_interfaces/local/lib/python3.10/dist-packages/motor_interfaces/motor_interfaces_s__rosidl_typesupport_c.cpython-310-x86_64-linux-gnu.so
[0.389s] -- Up-to-date symlink: /home/viktor/Desktop/Palletron/install/motor_interfaces/local/lib/python3.10/dist-packages/motor_interfaces/motor_interfaces_s__rosidl_typesupport_fastrtps_c.cpython-310-x86_64-linux-gnu.so
[0.389s] -- Up-to-date symlink: /home/viktor/Desktop/Palletron/install/motor_interfaces/local/lib/python3.10/dist-packages/motor_interfaces/motor_interfaces_s__rosidl_typesupport_introspection_c.cpython-310-x86_64-linux-gnu.so
[0.389s] -- Up-to-date symlink: /home/viktor/Desktop/Palletron/install/motor_interfaces/local/lib/python3.10/dist-packages/motor_interfaces/msg/__init__.py
[0.389s] -- Up-to-date symlink: /home/viktor/Desktop/Palletron/install/motor_interfaces/local/lib/python3.10/dist-packages/motor_interfaces/msg/_motor_command.py
[0.389s] -- Up-to-date symlink: /home/viktor/Desktop/Palletron/install/motor_interfaces/local/lib/python3.10/dist-packages/motor_interfaces/msg/_motor_command_s.c
[0.389s] -- Up-to-date symlink: /home/viktor/Desktop/Palletron/install/motor_interfaces/local/lib/python3.10/dist-packages/motor_interfaces/srv/__init__.py
[0.389s] -- Up-to-date symlink: /home/viktor/Desktop/Palletron/install/motor_interfaces/local/lib/python3.10/dist-packages/motor_interfaces/srv/_set_motor_rpm.py
[0.390s] -- Up-to-date symlink: /home/viktor/Desktop/Palletron/install/motor_interfaces/local/lib/python3.10/dist-packages/motor_interfaces/srv/_set_motor_rpm_s.c
[0.390s] -- Up-to-date symlink: /home/viktor/Desktop/Palletron/install/motor_interfaces/local/lib/python3.10/dist-packages/motor_interfaces/motor_interfaces_s__rosidl_typesupport_fastrtps_c.cpython-310-x86_64-linux-gnu.so
[0.390s] -- Up-to-date symlink: /home/viktor/Desktop/Palletron/install/motor_interfaces/local/lib/python3.10/dist-packages/motor_interfaces/motor_interfaces_s__rosidl_typesupport_introspection_c.cpython-310-x86_64-linux-gnu.so
[0.390s] -- Up-to-date symlink: /home/viktor/Desktop/Palletron/install/motor_interfaces/local/lib/python3.10/dist-packages/motor_interfaces/motor_interfaces_s__rosidl_typesupport_c.cpython-310-x86_64-linux-gnu.so
[0.390s] -- Up-to-date symlink: /home/viktor/Desktop/Palletron/install/motor_interfaces/share/motor_interfaces/srv/SetMotorRpm.idl
[0.390s] -- Up-to-date symlink: /home/viktor/Desktop/Palletron/install/motor_interfaces/share/motor_interfaces/msg/MotorCommand.idl
[0.391s] -- Up-to-date symlink: /home/viktor/Desktop/Palletron/install/motor_interfaces/share/motor_interfaces/srv/SetMotorRpm.srv
[0.391s] -- Up-to-date symlink: /home/viktor/Desktop/Palletron/install/motor_interfaces/share/motor_interfaces/srv/SetMotorRpm_Request.msg
[0.391s] -- Up-to-date symlink: /home/viktor/Desktop/Palletron/install/motor_interfaces/share/motor_interfaces/srv/SetMotorRpm_Response.msg
[0.391s] -- Up-to-date symlink: /home/viktor/Desktop/Palletron/install/motor_interfaces/share/motor_interfaces/msg/MotorCommand.msg
[0.391s] -- Up-to-date symlink: /home/viktor/Desktop/Palletron/install/motor_interfaces/share/ament_index/resource_index/package_run_dependencies/motor_interfaces
[0.391s] -- Up-to-date symlink: /home/viktor/Desktop/Palletron/install/motor_interfaces/share/ament_index/resource_index/parent_prefix_path/motor_interfaces
[0.391s] -- Up-to-date symlink: /home/viktor/Desktop/Palletron/install/motor_interfaces/share/motor_interfaces/environment/ament_prefix_path.sh
[0.391s] -- Up-to-date symlink: /home/viktor/Desktop/Palletron/install/motor_interfaces/share/motor_interfaces/environment/ament_prefix_path.dsv
[0.392s] -- Up-to-date symlink: /home/viktor/Desktop/Palletron/install/motor_interfaces/share/motor_interfaces/environment/path.sh
[0.392s] -- Up-to-date symlink: /home/viktor/Desktop/Palletron/install/motor_interfaces/share/motor_interfaces/environment/path.dsv
[0.392s] -- Up-to-date symlink: /home/viktor/Desktop/Palletron/install/motor_interfaces/share/motor_interfaces/local_setup.bash
[0.392s] -- Up-to-date symlink: /home/viktor/Desktop/Palletron/install/motor_interfaces/share/motor_interfaces/local_setup.sh
[0.392s] -- Up-to-date symlink: /home/viktor/Desktop/Palletron/install/motor_interfaces/share/motor_interfaces/local_setup.zsh
[0.392s] -- Up-to-date symlink: /home/viktor/Desktop/Palletron/install/motor_interfaces/share/motor_interfaces/local_setup.dsv
[0.392s] -- Symlinking: /home/viktor/Desktop/Palletron/install/motor_interfaces/share/motor_interfaces/package.dsv
[0.401s] -- Up-to-date symlink: /home/viktor/Desktop/Palletron/install/motor_interfaces/share/ament_index/resource_index/packages/motor_interfaces
[0.401s] -- Up-to-date symlink: /home/viktor/Desktop/Palletron/install/motor_interfaces/share/motor_interfaces/cmake/rosidl_cmake-extras.cmake
[0.401s] -- Up-to-date symlink: /home/viktor/Desktop/Palletron/install/motor_interfaces/share/motor_interfaces/cmake/ament_cmake_export_include_directories-extras.cmake
[0.401s] -- Up-to-date symlink: /home/viktor/Desktop/Palletron/install/motor_interfaces/share/motor_interfaces/cmake/ament_cmake_export_libraries-extras.cmake
[0.402s] -- Up-to-date symlink: /home/viktor/Desktop/Palletron/install/motor_interfaces/share/motor_interfaces/cmake/ament_cmake_export_targets-extras.cmake
[0.402s] -- Up-to-date symlink: /home/viktor/Desktop/Palletron/install/motor_interfaces/share/motor_interfaces/cmake/rosidl_cmake_export_typesupport_targets-extras.cmake
[0.402s] -- Up-to-date symlink: /home/viktor/Desktop/Palletron/install/motor_interfaces/share/motor_interfaces/cmake/ament_cmake_export_dependencies-extras.cmake
[0.402s] -- Up-to-date symlink: /home/viktor/Desktop/Palletron/install/motor_interfaces/share/motor_interfaces/cmake/rosidl_cmake_export_typesupport_libraries-extras.cmake
[0.402s] -- Up-to-date symlink: /home/viktor/Desktop/Palletron/install/motor_interfaces/share/motor_interfaces/cmake/motor_interfacesConfig.cmake
[0.402s] -- Up-to-date symlink: /home/viktor/Desktop/Palletron/install/motor_interfaces/share/motor_interfaces/cmake/motor_interfacesConfig-version.cmake
[0.402s] -- Up-to-date symlink: /home/viktor/Desktop/Palletron/install/motor_interfaces/share/motor_interfaces/package.xml
[0.402s] -- Up-to-date: /home/viktor/Desktop/Palletron/install/motor_interfaces/lib/libmotor_interfaces__rosidl_generator_c.so
[0.403s] -- Up-to-date: /home/viktor/Desktop/Palletron/install/motor_interfaces/lib/libmotor_interfaces__rosidl_typesupport_fastrtps_c.so
[0.403s] -- Up-to-date: /home/viktor/Desktop/Palletron/install/motor_interfaces/lib/libmotor_interfaces__rosidl_typesupport_introspection_c.so
[0.403s] -- Up-to-date: /home/viktor/Desktop/Palletron/install/motor_interfaces/lib/libmotor_interfaces__rosidl_typesupport_c.so
[0.403s] -- Up-to-date: /home/viktor/Desktop/Palletron/install/motor_interfaces/lib/libmotor_interfaces__rosidl_typesupport_fastrtps_cpp.so
[0.404s] -- Up-to-date: /home/viktor/Desktop/Palletron/install/motor_interfaces/lib/libmotor_interfaces__rosidl_typesupport_introspection_cpp.so
[0.404s] -- Up-to-date: /home/viktor/Desktop/Palletron/install/motor_interfaces/lib/libmotor_interfaces__rosidl_typesupport_cpp.so
[0.429s] Listing '/home/viktor/Desktop/Palletron/install/motor_interfaces/local/lib/python3.10/dist-packages/motor_interfaces'...
[0.429s] Listing '/home/viktor/Desktop/Palletron/install/motor_interfaces/local/lib/python3.10/dist-packages/motor_interfaces/msg'...
[0.429s] Listing '/home/viktor/Desktop/Palletron/install/motor_interfaces/local/lib/python3.10/dist-packages/motor_interfaces/srv'...
[0.433s] -- Up-to-date: /home/viktor/Desktop/Palletron/install/motor_interfaces/lib/libmotor_interfaces__rosidl_generator_py.so
[0.433s] -- Up-to-date: /home/viktor/Desktop/Palletron/install/motor_interfaces/share/motor_interfaces/cmake/export_motor_interfaces__rosidl_generator_cExport.cmake
[0.433s] -- Up-to-date: /home/viktor/Desktop/Palletron/install/motor_interfaces/share/motor_interfaces/cmake/export_motor_interfaces__rosidl_generator_cExport-noconfig.cmake
[0.433s] -- Up-to-date: /home/viktor/Desktop/Palletron/install/motor_interfaces/share/motor_interfaces/cmake/export_motor_interfaces__rosidl_typesupport_fastrtps_cExport.cmake
[0.433s] -- Up-to-date: /home/viktor/Desktop/Palletron/install/motor_interfaces/share/motor_interfaces/cmake/export_motor_interfaces__rosidl_typesupport_fastrtps_cExport-noconfig.cmake
[0.433s] -- Up-to-date: /home/viktor/Desktop/Palletron/install/motor_interfaces/share/motor_interfaces/cmake/motor_interfaces__rosidl_typesupport_introspection_cExport.cmake
[0.434s] -- Up-to-date: /home/viktor/Desktop/Palletron/install/motor_interfaces/share/motor_interfaces/cmake/motor_interfaces__rosidl_typesupport_introspection_cExport-noconfig.cmake
[0.434s] -- Up-to-date: /home/viktor/Desktop/Palletron/install/motor_interfaces/share/motor_interfaces/cmake/motor_interfaces__rosidl_typesupport_cExport.cmake
[0.434s] -- Up-to-date: /home/viktor/Desktop/Palletron/install/motor_interfaces/share/motor_interfaces/cmake/motor_interfaces__rosidl_typesupport_cExport-noconfig.cmake
[0.434s] -- Up-to-date: /home/viktor/Desktop/Palletron/install/motor_interfaces/share/motor_interfaces/cmake/export_motor_interfaces__rosidl_generator_cppExport.cmake
[0.434s] -- Up-to-date: /home/viktor/Desktop/Palletron/install/motor_interfaces/share/motor_interfaces/cmake/export_motor_interfaces__rosidl_typesupport_fastrtps_cppExport.cmake
[0.434s] -- Up-to-date: /home/viktor/Desktop/Palletron/install/motor_interfaces/share/motor_interfaces/cmake/export_motor_interfaces__rosidl_typesupport_fastrtps_cppExport-noconfig.cmake
[0.434s] -- Up-to-date: /home/viktor/Desktop/Palletron/install/motor_interfaces/share/motor_interfaces/cmake/motor_interfaces__rosidl_typesupport_introspection_cppExport.cmake
[0.434s] -- Up-to-date: /home/viktor/Desktop/Palletron/install/motor_interfaces/share/motor_interfaces/cmake/motor_interfaces__rosidl_typesupport_introspection_cppExport-noconfig.cmake
[0.434s] -- Up-to-date: /home/viktor/Desktop/Palletron/install/motor_interfaces/share/motor_interfaces/cmake/motor_interfaces__rosidl_typesupport_cppExport.cmake
[0.434s] -- Up-to-date: /home/viktor/Desktop/Palletron/install/motor_interfaces/share/motor_interfaces/cmake/motor_interfaces__rosidl_typesupport_cppExport-noconfig.cmake
[0.434s] -- Up-to-date: /home/viktor/Desktop/Palletron/install/motor_interfaces/share/motor_interfaces/cmake/export_motor_interfaces__rosidl_generator_pyExport.cmake
[0.434s] -- Up-to-date: /home/viktor/Desktop/Palletron/install/motor_interfaces/share/motor_interfaces/cmake/export_motor_interfaces__rosidl_generator_pyExport-noconfig.cmake
[0.437s] Invoked command in '/home/viktor/Desktop/Palletron/build/motor_interfaces' returned '0': CMAKE_PREFIX_PATH=/opt/ros/humble /usr/bin/cmake --install /home/viktor/Desktop/Palletron/build/motor_interfaces
