[0.476s] Invoking command in '/home/viktor/Desktop/Palletron/build/motor_service': AMENT_PREFIX_PATH=/home/viktor/Desktop/Palletron/install/motor_interfaces:${AMENT_PREFIX_PATH} CMAKE_PREFIX_PATH=/home/viktor/Desktop/Palletron/install/motor_interfaces LD_LIBRARY_PATH=/home/viktor/Desktop/Palletron/install/motor_interfaces/lib:${LD_LIBRARY_PATH} PYTHONPATH=/home/viktor/Desktop/Palletron/build/motor_service/prefix_override:/usr/lib/python3/dist-packages/colcon_core/task/python/colcon_distutils_commands:/home/viktor/Desktop/Palletron/install/motor_service/lib/python3.10/site-packages:/home/viktor/Desktop/Palletron/install/motor_interfaces/local/lib/python3.10/dist-packages:${PYTHONPATH} /usr/bin/python3 -W ignore:setup.py install is deprecated setup.py develop --editable --build-directory /home/viktor/Desktop/Palletron/build/motor_service/build --no-deps symlink_data
[0.666s] running develop
[0.666s] /usr/lib/python3/dist-packages/setuptools/command/easy_install.py:158: EasyInstallDeprecationWarning: easy_install command is deprecated. Use build and pip and other standards-based tools.
[0.666s]   warnings.warn(
[0.793s] running egg_info
[0.793s] writing motor_service.egg-info/PKG-INFO
[0.793s] writing dependency_links to motor_service.egg-info/dependency_links.txt
[0.793s] writing entry points to motor_service.egg-info/entry_points.txt
[0.793s] writing requirements to motor_service.egg-info/requires.txt
[0.793s] writing top-level names to motor_service.egg-info/top_level.txt
[0.795s] reading manifest file 'motor_service.egg-info/SOURCES.txt'
[0.795s] writing manifest file 'motor_service.egg-info/SOURCES.txt'
[0.796s] running build_ext
[0.796s] Creating /home/viktor/Desktop/Palletron/install/motor_service/lib/python3.10/site-packages/motor-service.egg-link (link to .)
[0.797s] Installing failsafe_node script to /home/viktor/Desktop/Palletron/install/motor_service/lib/motor_service
[0.797s] Installing motor_client script to /home/viktor/Desktop/Palletron/install/motor_service/lib/motor_service
[0.797s] Installing motor_controller_joystick script to /home/viktor/Desktop/Palletron/install/motor_service/lib/motor_service
[0.797s] Installing motor_controller_listener script to /home/viktor/Desktop/Palletron/install/motor_service/lib/motor_service
[0.798s] Installing motor_controller_service script to /home/viktor/Desktop/Palletron/install/motor_service/lib/motor_service
[0.798s] Installing rumble_test script to /home/viktor/Desktop/Palletron/install/motor_service/lib/motor_service
[0.798s] 
[0.798s] Installed /home/viktor/Desktop/Palletron/build/motor_service
[0.798s] running symlink_data
[0.822s] Invoked command in '/home/viktor/Desktop/Palletron/build/motor_service' returned '0': AMENT_PREFIX_PATH=/home/viktor/Desktop/Palletron/install/motor_interfaces:${AMENT_PREFIX_PATH} CMAKE_PREFIX_PATH=/home/viktor/Desktop/Palletron/install/motor_interfaces LD_LIBRARY_PATH=/home/viktor/Desktop/Palletron/install/motor_interfaces/lib:${LD_LIBRARY_PATH} PYTHONPATH=/home/viktor/Desktop/Palletron/build/motor_service/prefix_override:/usr/lib/python3/dist-packages/colcon_core/task/python/colcon_distutils_commands:/home/viktor/Desktop/Palletron/install/motor_service/lib/python3.10/site-packages:/home/viktor/Desktop/Palletron/install/motor_interfaces/local/lib/python3.10/dist-packages:${PYTHONPATH} /usr/bin/python3 -W ignore:setup.py install is deprecated setup.py develop --editable --build-directory /home/viktor/Desktop/Palletron/build/motor_service/build --no-deps symlink_data
