[0.471s] Invoking command in '/home/viktor/Desktop/Palletron/build/motor_service': PYTHONPATH=/home/viktor/Desktop/Palletron/build/motor_service/prefix_override:/usr/lib/python3/dist-packages/colcon_core/task/python/colcon_distutils_commands:/home/viktor/Desktop/Palletron/install/motor_service/lib/python3.10/site-packages:${PYTHONPATH} /usr/bin/python3 -W ignore:setup.py install is deprecated setup.py develop --editable --build-directory /home/viktor/Desktop/Palletron/build/motor_service/build --no-deps symlink_data
[0.664s] running develop
[0.664s] /usr/lib/python3/dist-packages/setuptools/command/easy_install.py:158: EasyInstallDeprecationWarning: easy_install command is deprecated. Use build and pip and other standards-based tools.
[0.664s]   warnings.warn(
[0.791s] running egg_info
[0.792s] writing motor_service.egg-info/PKG-INFO
[0.792s] writing dependency_links to motor_service.egg-info/dependency_links.txt
[0.792s] writing entry points to motor_service.egg-info/entry_points.txt
[0.792s] writing requirements to motor_service.egg-info/requires.txt
[0.792s] writing top-level names to motor_service.egg-info/top_level.txt
[0.794s] reading manifest file 'motor_service.egg-info/SOURCES.txt'
[0.794s] writing manifest file 'motor_service.egg-info/SOURCES.txt'
[0.795s] running build_ext
[0.796s] Creating /home/viktor/Desktop/Palletron/install/motor_service/lib/python3.10/site-packages/motor-service.egg-link (link to .)
[0.796s] Installing failsafe_node script to /home/viktor/Desktop/Palletron/install/motor_service/lib/motor_service
[0.796s] Installing motor_client script to /home/viktor/Desktop/Palletron/install/motor_service/lib/motor_service
[0.796s] Installing motor_controller_joystick script to /home/viktor/Desktop/Palletron/install/motor_service/lib/motor_service
[0.796s] Installing motor_controller_listener script to /home/viktor/Desktop/Palletron/install/motor_service/lib/motor_service
[0.797s] Installing motor_controller_service script to /home/viktor/Desktop/Palletron/install/motor_service/lib/motor_service
[0.797s] Installing rumble_test script to /home/viktor/Desktop/Palletron/install/motor_service/lib/motor_service
[0.797s] 
[0.797s] Installed /home/viktor/Desktop/Palletron/build/motor_service
[0.797s] running symlink_data
[0.821s] Invoked command in '/home/viktor/Desktop/Palletron/build/motor_service' returned '0': PYTHONPATH=/home/viktor/Desktop/Palletron/build/motor_service/prefix_override:/usr/lib/python3/dist-packages/colcon_core/task/python/colcon_distutils_commands:/home/viktor/Desktop/Palletron/install/motor_service/lib/python3.10/site-packages:${PYTHONPATH} /usr/bin/python3 -W ignore:setup.py install is deprecated setup.py develop --editable --build-directory /home/viktor/Desktop/Palletron/build/motor_service/build --no-deps symlink_data
