[0.537s] Invoking command in '/home/viktor/Desktop/palletron_harware_interfaces-master/motor_service/build/motor_service': PYTHONPATH=/home/viktor/Desktop/palletron_harware_interfaces-master/motor_service/build/motor_service/prefix_override:/usr/lib/python3/dist-packages/colcon_core/task/python/colcon_distutils_commands:/home/viktor/Desktop/palletron_harware_interfaces-master/motor_service/install/motor_service/lib/python3.10/site-packages:${PYTHONPATH} /usr/bin/python3 -W ignore:setup.py install is deprecated setup.py develop --editable --build-directory /home/viktor/Desktop/palletron_harware_interfaces-master/motor_service/build/motor_service/build --no-deps symlink_data
[0.743s] running develop
[0.744s] /usr/lib/python3/dist-packages/setuptools/command/easy_install.py:158: EasyInstallDeprecationWarning: easy_install command is deprecated. Use build and pip and other standards-based tools.
[0.744s]   warnings.warn(
[0.870s] running egg_info
[0.870s] creating motor_service.egg-info
[0.870s] writing motor_service.egg-info/PKG-INFO
[0.870s] writing dependency_links to motor_service.egg-info/dependency_links.txt
[0.870s] writing entry points to motor_service.egg-info/entry_points.txt
[0.870s] writing requirements to motor_service.egg-info/requires.txt
[0.870s] writing top-level names to motor_service.egg-info/top_level.txt
[0.871s] writing manifest file 'motor_service.egg-info/SOURCES.txt'
[0.872s] reading manifest file 'motor_service.egg-info/SOURCES.txt'
[0.872s] writing manifest file 'motor_service.egg-info/SOURCES.txt'
[0.873s] running build_ext
[0.874s] Creating /home/viktor/Desktop/palletron_harware_interfaces-master/motor_service/install/motor_service/lib/python3.10/site-packages/motor-service.egg-link (link to .)
[0.874s] Installing motor_client script to /home/viktor/Desktop/palletron_harware_interfaces-master/motor_service/install/motor_service/lib/motor_service
[0.874s] Installing motor_controller_joystick script to /home/viktor/Desktop/palletron_harware_interfaces-master/motor_service/install/motor_service/lib/motor_service
[0.875s] Installing motor_controller_listener script to /home/viktor/Desktop/palletron_harware_interfaces-master/motor_service/install/motor_service/lib/motor_service
[0.875s] Installing motor_controller_service script to /home/viktor/Desktop/palletron_harware_interfaces-master/motor_service/install/motor_service/lib/motor_service
[0.875s] Installing rumble_test script to /home/viktor/Desktop/palletron_harware_interfaces-master/motor_service/install/motor_service/lib/motor_service
[0.875s] 
[0.875s] Installed /home/viktor/Desktop/palletron_harware_interfaces-master/motor_service/build/motor_service
[0.875s] running symlink_data
[0.875s] creating /home/viktor/Desktop/palletron_harware_interfaces-master/motor_service/install/motor_service/share/ament_index
[0.875s] creating /home/viktor/Desktop/palletron_harware_interfaces-master/motor_service/install/motor_service/share/ament_index/resource_index
[0.876s] creating /home/viktor/Desktop/palletron_harware_interfaces-master/motor_service/install/motor_service/share/ament_index/resource_index/packages
[0.876s] symbolically linking /home/viktor/Desktop/palletron_harware_interfaces-master/motor_service/build/motor_service/resource/motor_service -> /home/viktor/Desktop/palletron_harware_interfaces-master/motor_service/install/motor_service/share/ament_index/resource_index/packages
[0.876s] symbolically linking /home/viktor/Desktop/palletron_harware_interfaces-master/motor_service/build/motor_service/package.xml -> /home/viktor/Desktop/palletron_harware_interfaces-master/motor_service/install/motor_service/share/motor_service
[0.876s] creating /home/viktor/Desktop/palletron_harware_interfaces-master/motor_service/install/motor_service/share/motor_service/launch
[0.876s] symbolically linking /home/viktor/Desktop/palletron_harware_interfaces-master/motor_service/build/motor_service/launch/motor_cmd_vel_launch.py -> /home/viktor/Desktop/palletron_harware_interfaces-master/motor_service/install/motor_service/share/motor_service/launch
[0.876s] symbolically linking /home/viktor/Desktop/palletron_harware_interfaces-master/motor_service/build/motor_service/launch/motor_joystick_launch.py -> /home/viktor/Desktop/palletron_harware_interfaces-master/motor_service/install/motor_service/share/motor_service/launch
[0.897s] Invoked command in '/home/viktor/Desktop/palletron_harware_interfaces-master/motor_service/build/motor_service' returned '0': PYTHONPATH=/home/viktor/Desktop/palletron_harware_interfaces-master/motor_service/build/motor_service/prefix_override:/usr/lib/python3/dist-packages/colcon_core/task/python/colcon_distutils_commands:/home/viktor/Desktop/palletron_harware_interfaces-master/motor_service/install/motor_service/lib/python3.10/site-packages:${PYTHONPATH} /usr/bin/python3 -W ignore:setup.py install is deprecated setup.py develop --editable --build-directory /home/viktor/Desktop/palletron_harware_interfaces-master/motor_service/build/motor_service/build --no-deps symlink_data
