-- The C compiler identification is GNU 11.4.0
-- The CXX compiler identification is GNU 11.4.0
-- Detecting C compiler ABI info
-- Detecting C compiler ABI info - done
-- Check for working C compiler: /usr/bin/cc - skipped
-- Detecting C compile features
-- Detecting C compile features - done
-- Detecting CXX compiler ABI info
-- Detecting CXX compiler ABI info - done
-- Check for working CXX compiler: /usr/bin/c++ - skipped
-- Detecting CXX compile features
-- Detecting CXX compile features - done
-- Found ament_cmake: 1.3.10 (/opt/ros/humble/share/ament_cmake/cmake)
-- Found Python3: /usr/bin/python3 (found version "3.10.12") found components: Interpreter 
-- Override CMake install command with custom implementation using symlinks instead of copying resources
-- Found rosidl_default_generators: 1.2.0 (/opt/ros/humble/share/rosidl_default_generators/cmake)
-- Using all available rosidl_typesupport_c: rosidl_typesupport_fastrtps_c;rosidl_typesupport_introspection_c
-- Found rosidl_adapter: 3.1.5 (/opt/ros/humble/share/rosidl_adapter/cmake)
-- Using all available rosidl_typesupport_cpp: rosidl_typesupport_fastrtps_cpp;rosidl_typesupport_introspection_cpp
-- Found ament_cmake_ros: 0.10.0 (/opt/ros/humble/share/ament_cmake_ros/cmake)
-- Using all available rosidl_typesupport_c: rosidl_typesupport_fastrtps_c;rosidl_typesupport_introspection_c
-- Using all available rosidl_typesupport_cpp: rosidl_typesupport_fastrtps_cpp;rosidl_typesupport_introspection_cpp
-- Found PythonInterp: /usr/bin/python3 (found suitable version "3.10.12", minimum required is "3.6") 
-- Found python_cmake_module: 0.10.0 (/opt/ros/humble/share/python_cmake_module/cmake)
-- Found PythonLibs: /usr/lib/x86_64-linux-gnu/libpython3.10.so (found suitable version "3.10.12", minimum required is "3.5") 
-- Using PYTHON_EXECUTABLE: /usr/bin/python3
-- Using PYTHON_INCLUDE_DIRS: /usr/include/python3.10
-- Using PYTHON_LIBRARIES: /usr/lib/x86_64-linux-gnu/libpython3.10.so
-- Found PythonExtra: .so  
-- Found ament_lint_auto: 0.12.11 (/opt/ros/humble/share/ament_lint_auto/cmake)
-- Added test 'copyright' to check source files copyright and LICENSE
-- Added test 'lint_cmake' to check CMake code style
-- Added test 'xmllint' to check XML markup files
-- Configuring done
-- Generating done
-- Build files have been written to: /home/viktor/Desktop/Palletron/build/motor_interfaces
[  2%] [34m[1mGenerating C code for ROS interfaces[0m
[  5%] [34m[1mGenerating C++ code for ROS interfaces[0m
[  5%] Built target ament_cmake_python_symlink_motor_interfaces
running egg_info
creating motor_interfaces.egg-info
writing motor_interfaces.egg-info/PKG-INFO
writing dependency_links to motor_interfaces.egg-info/dependency_links.txt
writing top-level names to motor_interfaces.egg-info/top_level.txt
writing manifest file 'motor_interfaces.egg-info/SOURCES.txt'
reading manifest file 'motor_interfaces.egg-info/SOURCES.txt'
writing manifest file 'motor_interfaces.egg-info/SOURCES.txt'
[  5%] Built target motor_interfaces__cpp
[  7%] [34m[1mGenerating C++ introspection for ROS interfaces[0m
[ 10%] [34m[1mGenerating C++ type support for eProsima Fast-RTPS[0m
[ 12%] [34m[1mGenerating C++ type support dispatch for ROS interfaces[0m
[ 12%] Built target ament_cmake_python_build_motor_interfaces_egg
[ 15%] [32mBuilding C object CMakeFiles/motor_interfaces__rosidl_generator_c.dir/rosidl_generator_c/motor_interfaces/msg/detail/motor_command__functions.c.o[0m
[ 17%] [32mBuilding C object CMakeFiles/motor_interfaces__rosidl_generator_c.dir/rosidl_generator_c/motor_interfaces/srv/detail/set_motor_rpm__functions.c.o[0m
[ 20%] [32m[1mLinking C shared library libmotor_interfaces__rosidl_generator_c.so[0m
[ 20%] Built target motor_interfaces__rosidl_generator_c
[ 25%] [34m[1mGenerating C type support for eProsima Fast-RTPS[0m
[ 25%] [34m[1mGenerating C introspection for ROS interfaces[0m
[ 28%] [34m[1mGenerating C type support dispatch for ROS interfaces[0m
[ 33%] [32mBuilding CXX object CMakeFiles/motor_interfaces__rosidl_typesupport_cpp.dir/rosidl_typesupport_cpp/motor_interfaces/msg/motor_command__type_support.cpp.o[0m
[ 33%] [32mBuilding CXX object CMakeFiles/motor_interfaces__rosidl_typesupport_cpp.dir/rosidl_typesupport_cpp/motor_interfaces/srv/set_motor_rpm__type_support.cpp.o[0m
[ 38%] [32mBuilding CXX object CMakeFiles/motor_interfaces__rosidl_typesupport_fastrtps_cpp.dir/rosidl_typesupport_fastrtps_cpp/motor_interfaces/srv/detail/dds_fastrtps/set_motor_rpm__type_support.cpp.o[0m
[ 38%] [32mBuilding CXX object CMakeFiles/motor_interfaces__rosidl_typesupport_fastrtps_cpp.dir/rosidl_typesupport_fastrtps_cpp/motor_interfaces/msg/detail/dds_fastrtps/motor_command__type_support.cpp.o[0m
[ 43%] [32mBuilding CXX object CMakeFiles/motor_interfaces__rosidl_typesupport_introspection_cpp.dir/rosidl_typesupport_introspection_cpp/motor_interfaces/msg/detail/motor_command__type_support.cpp.o[0m
[ 43%] [32mBuilding CXX object CMakeFiles/motor_interfaces__rosidl_typesupport_introspection_cpp.dir/rosidl_typesupport_introspection_cpp/motor_interfaces/srv/detail/set_motor_rpm__type_support.cpp.o[0m
[ 46%] [32mBuilding C object CMakeFiles/motor_interfaces__rosidl_typesupport_introspection_c.dir/rosidl_typesupport_introspection_c/motor_interfaces/srv/detail/set_motor_rpm__type_support.c.o[0m
[ 48%] [32mBuilding C object CMakeFiles/motor_interfaces__rosidl_typesupport_introspection_c.dir/rosidl_typesupport_introspection_c/motor_interfaces/msg/detail/motor_command__type_support.c.o[0m
[ 53%] [32mBuilding CXX object CMakeFiles/motor_interfaces__rosidl_typesupport_c.dir/rosidl_typesupport_c/motor_interfaces/srv/set_motor_rpm__type_support.cpp.o[0m
[ 53%] [32mBuilding CXX object CMakeFiles/motor_interfaces__rosidl_typesupport_c.dir/rosidl_typesupport_c/motor_interfaces/msg/motor_command__type_support.cpp.o[0m
[ 56%] [32m[1mLinking C shared library libmotor_interfaces__rosidl_typesupport_introspection_c.so[0m
[ 58%] [32m[1mLinking CXX shared library libmotor_interfaces__rosidl_typesupport_c.so[0m
[ 61%] [32mBuilding CXX object CMakeFiles/motor_interfaces__rosidl_typesupport_fastrtps_c.dir/rosidl_typesupport_fastrtps_c/motor_interfaces/srv/detail/set_motor_rpm__type_support_c.cpp.o[0m
[ 64%] [32mBuilding CXX object CMakeFiles/motor_interfaces__rosidl_typesupport_fastrtps_c.dir/rosidl_typesupport_fastrtps_c/motor_interfaces/msg/detail/motor_command__type_support_c.cpp.o[0m
[ 64%] Built target motor_interfaces__rosidl_typesupport_introspection_c
[ 64%] Built target motor_interfaces__rosidl_typesupport_c
[ 66%] [32m[1mLinking CXX shared library libmotor_interfaces__rosidl_typesupport_cpp.so[0m
[ 66%] Built target motor_interfaces__rosidl_typesupport_cpp
[ 69%] [32m[1mLinking CXX shared library libmotor_interfaces__rosidl_typesupport_fastrtps_cpp.so[0m
[ 71%] [32m[1mLinking CXX shared library libmotor_interfaces__rosidl_typesupport_introspection_cpp.so[0m
[ 71%] Built target motor_interfaces__rosidl_typesupport_fastrtps_cpp
[ 71%] Built target motor_interfaces__rosidl_typesupport_introspection_cpp
[ 74%] [32m[1mLinking CXX shared library libmotor_interfaces__rosidl_typesupport_fastrtps_c.so[0m
[ 74%] Built target motor_interfaces__rosidl_typesupport_fastrtps_c
[ 74%] Built target motor_interfaces
[ 76%] [34m[1mGenerating Python code for ROS interfaces[0m
[ 76%] Built target motor_interfaces__py
[ 82%] [32mBuilding C object CMakeFiles/motor_interfaces__rosidl_generator_py.dir/rosidl_generator_py/motor_interfaces/srv/_set_motor_rpm_s.c.o[0m
[ 82%] [32mBuilding C object CMakeFiles/motor_interfaces__rosidl_generator_py.dir/rosidl_generator_py/motor_interfaces/msg/_motor_command_s.c.o[0m
[ 84%] [32m[1mLinking C shared library rosidl_generator_py/motor_interfaces/libmotor_interfaces__rosidl_generator_py.so[0m
[ 84%] Built target motor_interfaces__rosidl_generator_py
[ 92%] [32mBuilding C object CMakeFiles/motor_interfaces__rosidl_typesupport_fastrtps_c__pyext.dir/rosidl_generator_py/motor_interfaces/_motor_interfaces_s.ep.rosidl_typesupport_fastrtps_c.c.o[0m
[ 92%] [32mBuilding C object CMakeFiles/motor_interfaces__rosidl_typesupport_introspection_c__pyext.dir/rosidl_generator_py/motor_interfaces/_motor_interfaces_s.ep.rosidl_typesupport_introspection_c.c.o[0m
[ 92%] [32mBuilding C object CMakeFiles/motor_interfaces__rosidl_typesupport_c__pyext.dir/rosidl_generator_py/motor_interfaces/_motor_interfaces_s.ep.rosidl_typesupport_c.c.o[0m
[ 94%] [32m[1mLinking C shared library rosidl_generator_py/motor_interfaces/motor_interfaces_s__rosidl_typesupport_c.cpython-310-x86_64-linux-gnu.so[0m
[ 97%] [32m[1mLinking C shared library rosidl_generator_py/motor_interfaces/motor_interfaces_s__rosidl_typesupport_fastrtps_c.cpython-310-x86_64-linux-gnu.so[0m
[100%] [32m[1mLinking C shared library rosidl_generator_py/motor_interfaces/motor_interfaces_s__rosidl_typesupport_introspection_c.cpython-310-x86_64-linux-gnu.so[0m
[100%] Built target motor_interfaces__rosidl_typesupport_c__pyext
[100%] Built target motor_interfaces__rosidl_typesupport_introspection_c__pyext
[100%] Built target motor_interfaces__rosidl_typesupport_fastrtps_c__pyext
-- Install configuration: ""
-- Execute custom install script
-- Symlinking: /home/viktor/Desktop/Palletron/install/motor_interfaces/share/ament_index/resource_index/rosidl_interfaces/motor_interfaces
-- Symlinking: /home/viktor/Desktop/Palletron/install/motor_interfaces/include/motor_interfaces/motor_interfaces/msg/detail/motor_command__functions.h
-- Symlinking: /home/viktor/Desktop/Palletron/install/motor_interfaces/include/motor_interfaces/motor_interfaces/msg/detail/motor_command__struct.h
-- Symlinking: /home/viktor/Desktop/Palletron/install/motor_interfaces/include/motor_interfaces/motor_interfaces/msg/detail/motor_command__type_support.h
-- Symlinking: /home/viktor/Desktop/Palletron/install/motor_interfaces/include/motor_interfaces/motor_interfaces/msg/motor_command.h
-- Symlinking: /home/viktor/Desktop/Palletron/install/motor_interfaces/include/motor_interfaces/motor_interfaces/msg/rosidl_generator_c__visibility_control.h
-- Symlinking: /home/viktor/Desktop/Palletron/install/motor_interfaces/include/motor_interfaces/motor_interfaces/srv/detail/set_motor_rpm__functions.h
-- Symlinking: /home/viktor/Desktop/Palletron/install/motor_interfaces/include/motor_interfaces/motor_interfaces/srv/detail/set_motor_rpm__struct.h
-- Symlinking: /home/viktor/Desktop/Palletron/install/motor_interfaces/include/motor_interfaces/motor_interfaces/srv/detail/set_motor_rpm__type_support.h
-- Symlinking: /home/viktor/Desktop/Palletron/install/motor_interfaces/include/motor_interfaces/motor_interfaces/srv/set_motor_rpm.h
-- Symlinking: /home/viktor/Desktop/Palletron/install/motor_interfaces/share/motor_interfaces/environment/library_path.sh
-- Symlinking: /home/viktor/Desktop/Palletron/install/motor_interfaces/share/motor_interfaces/environment/library_path.dsv
-- Symlinking: /home/viktor/Desktop/Palletron/install/motor_interfaces/include/motor_interfaces/motor_interfaces/msg/detail/motor_command__rosidl_typesupport_fastrtps_c.h
-- Symlinking: /home/viktor/Desktop/Palletron/install/motor_interfaces/include/motor_interfaces/motor_interfaces/msg/rosidl_typesupport_fastrtps_c__visibility_control.h
-- Symlinking: /home/viktor/Desktop/Palletron/install/motor_interfaces/include/motor_interfaces/motor_interfaces/srv/detail/set_motor_rpm__rosidl_typesupport_fastrtps_c.h
-- Symlinking: /home/viktor/Desktop/Palletron/install/motor_interfaces/include/motor_interfaces/motor_interfaces/msg/detail/motor_command__rosidl_typesupport_introspection_c.h
-- Symlinking: /home/viktor/Desktop/Palletron/install/motor_interfaces/include/motor_interfaces/motor_interfaces/msg/rosidl_typesupport_introspection_c__visibility_control.h
-- Symlinking: /home/viktor/Desktop/Palletron/install/motor_interfaces/include/motor_interfaces/motor_interfaces/srv/detail/set_motor_rpm__rosidl_typesupport_introspection_c.h
-- Symlinking: /home/viktor/Desktop/Palletron/install/motor_interfaces/include/motor_interfaces/motor_interfaces/msg/detail/motor_command__builder.hpp
-- Symlinking: /home/viktor/Desktop/Palletron/install/motor_interfaces/include/motor_interfaces/motor_interfaces/msg/detail/motor_command__struct.hpp
-- Symlinking: /home/viktor/Desktop/Palletron/install/motor_interfaces/include/motor_interfaces/motor_interfaces/msg/detail/motor_command__traits.hpp
-- Symlinking: /home/viktor/Desktop/Palletron/install/motor_interfaces/include/motor_interfaces/motor_interfaces/msg/motor_command.hpp
-- Symlinking: /home/viktor/Desktop/Palletron/install/motor_interfaces/include/motor_interfaces/motor_interfaces/srv/detail/set_motor_rpm__builder.hpp
-- Symlinking: /home/viktor/Desktop/Palletron/install/motor_interfaces/include/motor_interfaces/motor_interfaces/srv/detail/set_motor_rpm__struct.hpp
-- Symlinking: /home/viktor/Desktop/Palletron/install/motor_interfaces/include/motor_interfaces/motor_interfaces/srv/detail/set_motor_rpm__traits.hpp
-- Symlinking: /home/viktor/Desktop/Palletron/install/motor_interfaces/include/motor_interfaces/motor_interfaces/srv/set_motor_rpm.hpp
-- Symlinking: /home/viktor/Desktop/Palletron/install/motor_interfaces/include/motor_interfaces/motor_interfaces/msg/detail/motor_command__rosidl_typesupport_fastrtps_cpp.hpp
-- Symlinking: /home/viktor/Desktop/Palletron/install/motor_interfaces/include/motor_interfaces/motor_interfaces/msg/rosidl_typesupport_fastrtps_cpp__visibility_control.h
-- Symlinking: /home/viktor/Desktop/Palletron/install/motor_interfaces/include/motor_interfaces/motor_interfaces/srv/detail/set_motor_rpm__rosidl_typesupport_fastrtps_cpp.hpp
-- Symlinking: /home/viktor/Desktop/Palletron/install/motor_interfaces/include/motor_interfaces/motor_interfaces/msg/detail/motor_command__rosidl_typesupport_introspection_cpp.hpp
-- Symlinking: /home/viktor/Desktop/Palletron/install/motor_interfaces/include/motor_interfaces/motor_interfaces/srv/detail/set_motor_rpm__rosidl_typesupport_introspection_cpp.hpp
-- Symlinking: /home/viktor/Desktop/Palletron/install/motor_interfaces/share/motor_interfaces/environment/pythonpath.sh
-- Symlinking: /home/viktor/Desktop/Palletron/install/motor_interfaces/share/motor_interfaces/environment/pythonpath.dsv
-- Symlinking: /home/viktor/Desktop/Palletron/install/motor_interfaces/local/lib/python3.10/dist-packages/motor_interfaces-0.0.0-py3.10.egg-info/PKG-INFO
-- Symlinking: /home/viktor/Desktop/Palletron/install/motor_interfaces/local/lib/python3.10/dist-packages/motor_interfaces-0.0.0-py3.10.egg-info/SOURCES.txt
-- Symlinking: /home/viktor/Desktop/Palletron/install/motor_interfaces/local/lib/python3.10/dist-packages/motor_interfaces-0.0.0-py3.10.egg-info/dependency_links.txt
-- Symlinking: /home/viktor/Desktop/Palletron/install/motor_interfaces/local/lib/python3.10/dist-packages/motor_interfaces-0.0.0-py3.10.egg-info/top_level.txt
-- Symlinking: /home/viktor/Desktop/Palletron/install/motor_interfaces/local/lib/python3.10/dist-packages/motor_interfaces/__init__.py
-- Symlinking: /home/viktor/Desktop/Palletron/install/motor_interfaces/local/lib/python3.10/dist-packages/motor_interfaces/_motor_interfaces_s.ep.rosidl_typesupport_c.c
-- Symlinking: /home/viktor/Desktop/Palletron/install/motor_interfaces/local/lib/python3.10/dist-packages/motor_interfaces/_motor_interfaces_s.ep.rosidl_typesupport_fastrtps_c.c
-- Symlinking: /home/viktor/Desktop/Palletron/install/motor_interfaces/local/lib/python3.10/dist-packages/motor_interfaces/_motor_interfaces_s.ep.rosidl_typesupport_introspection_c.c
-- Symlinking: /home/viktor/Desktop/Palletron/install/motor_interfaces/local/lib/python3.10/dist-packages/motor_interfaces/libmotor_interfaces__rosidl_generator_py.so
-- Symlinking: /home/viktor/Desktop/Palletron/install/motor_interfaces/local/lib/python3.10/dist-packages/motor_interfaces/motor_interfaces_s__rosidl_typesupport_c.cpython-310-x86_64-linux-gnu.so
-- Symlinking: /home/viktor/Desktop/Palletron/install/motor_interfaces/local/lib/python3.10/dist-packages/motor_interfaces/motor_interfaces_s__rosidl_typesupport_fastrtps_c.cpython-310-x86_64-linux-gnu.so
-- Symlinking: /home/viktor/Desktop/Palletron/install/motor_interfaces/local/lib/python3.10/dist-packages/motor_interfaces/motor_interfaces_s__rosidl_typesupport_introspection_c.cpython-310-x86_64-linux-gnu.so
-- Symlinking: /home/viktor/Desktop/Palletron/install/motor_interfaces/local/lib/python3.10/dist-packages/motor_interfaces/msg/__init__.py
-- Symlinking: /home/viktor/Desktop/Palletron/install/motor_interfaces/local/lib/python3.10/dist-packages/motor_interfaces/msg/_motor_command.py
-- Symlinking: /home/viktor/Desktop/Palletron/install/motor_interfaces/local/lib/python3.10/dist-packages/motor_interfaces/msg/_motor_command_s.c
-- Symlinking: /home/viktor/Desktop/Palletron/install/motor_interfaces/local/lib/python3.10/dist-packages/motor_interfaces/srv/__init__.py
-- Symlinking: /home/viktor/Desktop/Palletron/install/motor_interfaces/local/lib/python3.10/dist-packages/motor_interfaces/srv/_set_motor_rpm.py
-- Symlinking: /home/viktor/Desktop/Palletron/install/motor_interfaces/local/lib/python3.10/dist-packages/motor_interfaces/srv/_set_motor_rpm_s.c
-- Up-to-date symlink: /home/viktor/Desktop/Palletron/install/motor_interfaces/local/lib/python3.10/dist-packages/motor_interfaces/motor_interfaces_s__rosidl_typesupport_fastrtps_c.cpython-310-x86_64-linux-gnu.so
-- Up-to-date symlink: /home/viktor/Desktop/Palletron/install/motor_interfaces/local/lib/python3.10/dist-packages/motor_interfaces/motor_interfaces_s__rosidl_typesupport_introspection_c.cpython-310-x86_64-linux-gnu.so
-- Up-to-date symlink: /home/viktor/Desktop/Palletron/install/motor_interfaces/local/lib/python3.10/dist-packages/motor_interfaces/motor_interfaces_s__rosidl_typesupport_c.cpython-310-x86_64-linux-gnu.so
-- Symlinking: /home/viktor/Desktop/Palletron/install/motor_interfaces/share/motor_interfaces/srv/SetMotorRpm.idl
-- Symlinking: /home/viktor/Desktop/Palletron/install/motor_interfaces/share/motor_interfaces/msg/MotorCommand.idl
-- Symlinking: /home/viktor/Desktop/Palletron/install/motor_interfaces/share/motor_interfaces/srv/SetMotorRpm.srv
-- Symlinking: /home/viktor/Desktop/Palletron/install/motor_interfaces/share/motor_interfaces/srv/SetMotorRpm_Request.msg
-- Symlinking: /home/viktor/Desktop/Palletron/install/motor_interfaces/share/motor_interfaces/srv/SetMotorRpm_Response.msg
-- Symlinking: /home/viktor/Desktop/Palletron/install/motor_interfaces/share/motor_interfaces/msg/MotorCommand.msg
-- Symlinking: /home/viktor/Desktop/Palletron/install/motor_interfaces/share/ament_index/resource_index/package_run_dependencies/motor_interfaces
-- Symlinking: /home/viktor/Desktop/Palletron/install/motor_interfaces/share/ament_index/resource_index/parent_prefix_path/motor_interfaces
-- Symlinking: /home/viktor/Desktop/Palletron/install/motor_interfaces/share/motor_interfaces/environment/ament_prefix_path.sh
-- Symlinking: /home/viktor/Desktop/Palletron/install/motor_interfaces/share/motor_interfaces/environment/ament_prefix_path.dsv
-- Symlinking: /home/viktor/Desktop/Palletron/install/motor_interfaces/share/motor_interfaces/environment/path.sh
-- Symlinking: /home/viktor/Desktop/Palletron/install/motor_interfaces/share/motor_interfaces/environment/path.dsv
-- Symlinking: /home/viktor/Desktop/Palletron/install/motor_interfaces/share/motor_interfaces/local_setup.bash
-- Symlinking: /home/viktor/Desktop/Palletron/install/motor_interfaces/share/motor_interfaces/local_setup.sh
-- Symlinking: /home/viktor/Desktop/Palletron/install/motor_interfaces/share/motor_interfaces/local_setup.zsh
-- Symlinking: /home/viktor/Desktop/Palletron/install/motor_interfaces/share/motor_interfaces/local_setup.dsv
-- Symlinking: /home/viktor/Desktop/Palletron/install/motor_interfaces/share/motor_interfaces/package.dsv
-- Symlinking: /home/viktor/Desktop/Palletron/install/motor_interfaces/share/ament_index/resource_index/packages/motor_interfaces
-- Symlinking: /home/viktor/Desktop/Palletron/install/motor_interfaces/share/motor_interfaces/cmake/rosidl_cmake-extras.cmake
-- Symlinking: /home/viktor/Desktop/Palletron/install/motor_interfaces/share/motor_interfaces/cmake/ament_cmake_export_include_directories-extras.cmake
-- Symlinking: /home/viktor/Desktop/Palletron/install/motor_interfaces/share/motor_interfaces/cmake/ament_cmake_export_libraries-extras.cmake
-- Symlinking: /home/viktor/Desktop/Palletron/install/motor_interfaces/share/motor_interfaces/cmake/ament_cmake_export_targets-extras.cmake
-- Symlinking: /home/viktor/Desktop/Palletron/install/motor_interfaces/share/motor_interfaces/cmake/rosidl_cmake_export_typesupport_targets-extras.cmake
-- Symlinking: /home/viktor/Desktop/Palletron/install/motor_interfaces/share/motor_interfaces/cmake/ament_cmake_export_dependencies-extras.cmake
-- Symlinking: /home/viktor/Desktop/Palletron/install/motor_interfaces/share/motor_interfaces/cmake/rosidl_cmake_export_typesupport_libraries-extras.cmake
-- Symlinking: /home/viktor/Desktop/Palletron/install/motor_interfaces/share/motor_interfaces/cmake/motor_interfacesConfig.cmake
-- Symlinking: /home/viktor/Desktop/Palletron/install/motor_interfaces/share/motor_interfaces/cmake/motor_interfacesConfig-version.cmake
-- Symlinking: /home/viktor/Desktop/Palletron/install/motor_interfaces/share/motor_interfaces/package.xml
-- Installing: /home/viktor/Desktop/Palletron/install/motor_interfaces/lib/libmotor_interfaces__rosidl_generator_c.so
-- Set runtime path of "/home/viktor/Desktop/Palletron/install/motor_interfaces/lib/libmotor_interfaces__rosidl_generator_c.so" to ""
-- Installing: /home/viktor/Desktop/Palletron/install/motor_interfaces/lib/libmotor_interfaces__rosidl_typesupport_fastrtps_c.so
-- Set runtime path of "/home/viktor/Desktop/Palletron/install/motor_interfaces/lib/libmotor_interfaces__rosidl_typesupport_fastrtps_c.so" to ""
-- Installing: /home/viktor/Desktop/Palletron/install/motor_interfaces/lib/libmotor_interfaces__rosidl_typesupport_introspection_c.so
-- Set runtime path of "/home/viktor/Desktop/Palletron/install/motor_interfaces/lib/libmotor_interfaces__rosidl_typesupport_introspection_c.so" to ""
-- Installing: /home/viktor/Desktop/Palletron/install/motor_interfaces/lib/libmotor_interfaces__rosidl_typesupport_c.so
-- Set runtime path of "/home/viktor/Desktop/Palletron/install/motor_interfaces/lib/libmotor_interfaces__rosidl_typesupport_c.so" to ""
-- Installing: /home/viktor/Desktop/Palletron/install/motor_interfaces/lib/libmotor_interfaces__rosidl_typesupport_fastrtps_cpp.so
-- Set runtime path of "/home/viktor/Desktop/Palletron/install/motor_interfaces/lib/libmotor_interfaces__rosidl_typesupport_fastrtps_cpp.so" to ""
-- Installing: /home/viktor/Desktop/Palletron/install/motor_interfaces/lib/libmotor_interfaces__rosidl_typesupport_introspection_cpp.so
-- Set runtime path of "/home/viktor/Desktop/Palletron/install/motor_interfaces/lib/libmotor_interfaces__rosidl_typesupport_introspection_cpp.so" to ""
-- Installing: /home/viktor/Desktop/Palletron/install/motor_interfaces/lib/libmotor_interfaces__rosidl_typesupport_cpp.so
-- Set runtime path of "/home/viktor/Desktop/Palletron/install/motor_interfaces/lib/libmotor_interfaces__rosidl_typesupport_cpp.so" to ""
Listing '/home/viktor/Desktop/Palletron/install/motor_interfaces/local/lib/python3.10/dist-packages/motor_interfaces'...
Compiling '/home/viktor/Desktop/Palletron/install/motor_interfaces/local/lib/python3.10/dist-packages/motor_interfaces/__init__.py'...
Listing '/home/viktor/Desktop/Palletron/install/motor_interfaces/local/lib/python3.10/dist-packages/motor_interfaces/msg'...
Compiling '/home/viktor/Desktop/Palletron/install/motor_interfaces/local/lib/python3.10/dist-packages/motor_interfaces/msg/__init__.py'...
Compiling '/home/viktor/Desktop/Palletron/install/motor_interfaces/local/lib/python3.10/dist-packages/motor_interfaces/msg/_motor_command.py'...
Listing '/home/viktor/Desktop/Palletron/install/motor_interfaces/local/lib/python3.10/dist-packages/motor_interfaces/srv'...
Compiling '/home/viktor/Desktop/Palletron/install/motor_interfaces/local/lib/python3.10/dist-packages/motor_interfaces/srv/__init__.py'...
Compiling '/home/viktor/Desktop/Palletron/install/motor_interfaces/local/lib/python3.10/dist-packages/motor_interfaces/srv/_set_motor_rpm.py'...
-- Installing: /home/viktor/Desktop/Palletron/install/motor_interfaces/lib/libmotor_interfaces__rosidl_generator_py.so
-- Set runtime path of "/home/viktor/Desktop/Palletron/install/motor_interfaces/lib/libmotor_interfaces__rosidl_generator_py.so" to ""
-- Installing: /home/viktor/Desktop/Palletron/install/motor_interfaces/share/motor_interfaces/cmake/export_motor_interfaces__rosidl_generator_cExport.cmake
-- Installing: /home/viktor/Desktop/Palletron/install/motor_interfaces/share/motor_interfaces/cmake/export_motor_interfaces__rosidl_generator_cExport-noconfig.cmake
-- Installing: /home/viktor/Desktop/Palletron/install/motor_interfaces/share/motor_interfaces/cmake/export_motor_interfaces__rosidl_typesupport_fastrtps_cExport.cmake
-- Installing: /home/viktor/Desktop/Palletron/install/motor_interfaces/share/motor_interfaces/cmake/export_motor_interfaces__rosidl_typesupport_fastrtps_cExport-noconfig.cmake
-- Installing: /home/viktor/Desktop/Palletron/install/motor_interfaces/share/motor_interfaces/cmake/motor_interfaces__rosidl_typesupport_introspection_cExport.cmake
-- Installing: /home/viktor/Desktop/Palletron/install/motor_interfaces/share/motor_interfaces/cmake/motor_interfaces__rosidl_typesupport_introspection_cExport-noconfig.cmake
-- Installing: /home/viktor/Desktop/Palletron/install/motor_interfaces/share/motor_interfaces/cmake/motor_interfaces__rosidl_typesupport_cExport.cmake
-- Installing: /home/viktor/Desktop/Palletron/install/motor_interfaces/share/motor_interfaces/cmake/motor_interfaces__rosidl_typesupport_cExport-noconfig.cmake
-- Installing: /home/viktor/Desktop/Palletron/install/motor_interfaces/share/motor_interfaces/cmake/export_motor_interfaces__rosidl_generator_cppExport.cmake
-- Installing: /home/viktor/Desktop/Palletron/install/motor_interfaces/share/motor_interfaces/cmake/export_motor_interfaces__rosidl_typesupport_fastrtps_cppExport.cmake
-- Installing: /home/viktor/Desktop/Palletron/install/motor_interfaces/share/motor_interfaces/cmake/export_motor_interfaces__rosidl_typesupport_fastrtps_cppExport-noconfig.cmake
-- Installing: /home/viktor/Desktop/Palletron/install/motor_interfaces/share/motor_interfaces/cmake/motor_interfaces__rosidl_typesupport_introspection_cppExport.cmake
-- Installing: /home/viktor/Desktop/Palletron/install/motor_interfaces/share/motor_interfaces/cmake/motor_interfaces__rosidl_typesupport_introspection_cppExport-noconfig.cmake
-- Installing: /home/viktor/Desktop/Palletron/install/motor_interfaces/share/motor_interfaces/cmake/motor_interfaces__rosidl_typesupport_cppExport.cmake
-- Installing: /home/viktor/Desktop/Palletron/install/motor_interfaces/share/motor_interfaces/cmake/motor_interfaces__rosidl_typesupport_cppExport-noconfig.cmake
-- Installing: /home/viktor/Desktop/Palletron/install/motor_interfaces/share/motor_interfaces/cmake/export_motor_interfaces__rosidl_generator_pyExport.cmake
-- Installing: /home/viktor/Desktop/Palletron/install/motor_interfaces/share/motor_interfaces/cmake/export_motor_interfaces__rosidl_generator_pyExport-noconfig.cmake
