[0.014s] Invoking command in '/home/viktor/Desktop/Palletron/build/motor_interfaces': CMAKE_PREFIX_PATH=/opt/ros/humble /usr/bin/cmake /home/viktor/Desktop/Palletron/ROS/src/motor_interfaces -DAMENT_CMAKE_SYMLINK_INSTALL=1 -DCMAKE_INSTALL_PREFIX=/home/viktor/Desktop/Palletron/install/motor_interfaces
[0.211s] -- The C compiler identification is GNU 11.4.0
[0.211s] -- The CXX compiler identification is GNU 11.4.0
[0.211s] -- Detecting C compiler ABI info
[0.211s] -- Detecting C compiler ABI info - done
[0.215s] -- Check for working C compiler: /usr/bin/cc - skipped
[0.216s] -- Detecting C compile features
[0.216s] -- Detecting C compile features - done
[0.219s] -- Detecting CXX compiler ABI info
[0.286s] -- Detecting CXX compiler ABI info - done
[0.291s] -- Check for working CXX compiler: /usr/bin/c++ - skipped
[0.291s] -- Detecting CXX compile features
[0.291s] -- Detecting CXX compile features - done
[0.295s] -- Found ament_cmake: 1.3.10 (/opt/ros/humble/share/ament_cmake/cmake)
[0.416s] -- Found Python3: /usr/bin/python3 (found version "3.10.12") found components: Interpreter 
[0.470s] -- Override CMake install command with custom implementation using symlinks instead of copying resources
[0.502s] -- Found rosidl_default_generators: 1.2.0 (/opt/ros/humble/share/rosidl_default_generators/cmake)
[0.505s] -- Using all available rosidl_typesupport_c: rosidl_typesupport_fastrtps_c;rosidl_typesupport_introspection_c
[0.513s] -- Found rosidl_adapter: 3.1.5 (/opt/ros/humble/share/rosidl_adapter/cmake)
[0.557s] -- Using all available rosidl_typesupport_cpp: rosidl_typesupport_fastrtps_cpp;rosidl_typesupport_introspection_cpp
[0.779s] -- Found ament_cmake_ros: 0.10.0 (/opt/ros/humble/share/ament_cmake_ros/cmake)
[0.933s] -- Using all available rosidl_typesupport_c: rosidl_typesupport_fastrtps_c;rosidl_typesupport_introspection_c
[1.119s] -- Using all available rosidl_typesupport_cpp: rosidl_typesupport_fastrtps_cpp;rosidl_typesupport_introspection_cpp
[1.138s] -- Found PythonInterp: /usr/bin/python3 (found suitable version "3.10.12", minimum required is "3.6") 
[1.140s] -- Found python_cmake_module: 0.10.0 (/opt/ros/humble/share/python_cmake_module/cmake)
[1.162s] -- Found PythonLibs: /usr/lib/x86_64-linux-gnu/libpython3.10.so (found suitable version "3.10.12", minimum required is "3.5") 
[1.162s] -- Using PYTHON_EXECUTABLE: /usr/bin/python3
[1.162s] -- Using PYTHON_INCLUDE_DIRS: /usr/include/python3.10
[1.162s] -- Using PYTHON_LIBRARIES: /usr/lib/x86_64-linux-gnu/libpython3.10.so
[1.179s] -- Found PythonExtra: .so  
[1.208s] -- Found ament_lint_auto: 0.12.11 (/opt/ros/humble/share/ament_lint_auto/cmake)
[1.237s] -- Added test 'copyright' to check source files copyright and LICENSE
[1.239s] -- Added test 'lint_cmake' to check CMake code style
[1.240s] -- Added test 'xmllint' to check XML markup files
[1.243s] -- Configuring done
[1.272s] -- Generating done
[1.274s] -- Build files have been written to: /home/viktor/Desktop/Palletron/build/motor_interfaces
[1.282s] Invoked command in '/home/viktor/Desktop/Palletron/build/motor_interfaces' returned '0': CMAKE_PREFIX_PATH=/opt/ros/humble /usr/bin/cmake /home/viktor/Desktop/Palletron/ROS/src/motor_interfaces -DAMENT_CMAKE_SYMLINK_INSTALL=1 -DCMAKE_INSTALL_PREFIX=/home/viktor/Desktop/Palletron/install/motor_interfaces
[1.284s] Invoking command in '/home/viktor/Desktop/Palletron/build/motor_interfaces': CMAKE_PREFIX_PATH=/opt/ros/humble /usr/bin/cmake --build /home/viktor/Desktop/Palletron/build/motor_interfaces -- -j16 -l16
[1.320s] [  2%] [34m[1mGenerating C code for ROS interfaces[0m
[1.329s] [  5%] [34m[1mGenerating C++ code for ROS interfaces[0m
[1.338s] [  5%] Built target ament_cmake_python_symlink_motor_interfaces
[1.544s] running egg_info
[1.545s] creating motor_interfaces.egg-info
[1.545s] writing motor_interfaces.egg-info/PKG-INFO
[1.545s] writing dependency_links to motor_interfaces.egg-info/dependency_links.txt
[1.545s] writing top-level names to motor_interfaces.egg-info/top_level.txt
[1.546s] writing manifest file 'motor_interfaces.egg-info/SOURCES.txt'
[1.548s] reading manifest file 'motor_interfaces.egg-info/SOURCES.txt'
[1.548s] writing manifest file 'motor_interfaces.egg-info/SOURCES.txt'
[1.572s] [  5%] Built target motor_interfaces__cpp
[1.585s] [  7%] [34m[1mGenerating C++ introspection for ROS interfaces[0m
[1.585s] [ 10%] [34m[1mGenerating C++ type support for eProsima Fast-RTPS[0m
[1.586s] [ 12%] [34m[1mGenerating C++ type support dispatch for ROS interfaces[0m
[1.597s] [ 12%] Built target ament_cmake_python_build_motor_interfaces_egg
[1.608s] [ 15%] [32mBuilding C object CMakeFiles/motor_interfaces__rosidl_generator_c.dir/rosidl_generator_c/motor_interfaces/msg/detail/motor_command__functions.c.o[0m
[1.608s] [ 17%] [32mBuilding C object CMakeFiles/motor_interfaces__rosidl_generator_c.dir/rosidl_generator_c/motor_interfaces/srv/detail/set_motor_rpm__functions.c.o[0m
[1.661s] [ 20%] [32m[1mLinking C shared library libmotor_interfaces__rosidl_generator_c.so[0m
[1.698s] [ 20%] Built target motor_interfaces__rosidl_generator_c
[1.708s] [ 25%] [34m[1mGenerating C type support for eProsima Fast-RTPS[0m
[1.708s] [ 25%] [34m[1mGenerating C introspection for ROS interfaces[0m
[1.708s] [ 28%] [34m[1mGenerating C type support dispatch for ROS interfaces[0m
[1.851s] [ 33%] [32mBuilding CXX object CMakeFiles/motor_interfaces__rosidl_typesupport_cpp.dir/rosidl_typesupport_cpp/motor_interfaces/msg/motor_command__type_support.cpp.o[0m
[1.851s] [ 33%] [32mBuilding CXX object CMakeFiles/motor_interfaces__rosidl_typesupport_cpp.dir/rosidl_typesupport_cpp/motor_interfaces/srv/set_motor_rpm__type_support.cpp.o[0m
[1.879s] [ 38%] [32mBuilding CXX object CMakeFiles/motor_interfaces__rosidl_typesupport_fastrtps_cpp.dir/rosidl_typesupport_fastrtps_cpp/motor_interfaces/srv/detail/dds_fastrtps/set_motor_rpm__type_support.cpp.o[0m
[1.879s] [ 38%] [32mBuilding CXX object CMakeFiles/motor_interfaces__rosidl_typesupport_fastrtps_cpp.dir/rosidl_typesupport_fastrtps_cpp/motor_interfaces/msg/detail/dds_fastrtps/motor_command__type_support.cpp.o[0m
[1.905s] [ 43%] [32mBuilding CXX object CMakeFiles/motor_interfaces__rosidl_typesupport_introspection_cpp.dir/rosidl_typesupport_introspection_cpp/motor_interfaces/msg/detail/motor_command__type_support.cpp.o[0m
[1.905s] [ 43%] [32mBuilding CXX object CMakeFiles/motor_interfaces__rosidl_typesupport_introspection_cpp.dir/rosidl_typesupport_introspection_cpp/motor_interfaces/srv/detail/set_motor_rpm__type_support.cpp.o[0m
[2.001s] [ 46%] [32mBuilding C object CMakeFiles/motor_interfaces__rosidl_typesupport_introspection_c.dir/rosidl_typesupport_introspection_c/motor_interfaces/srv/detail/set_motor_rpm__type_support.c.o[0m
[2.001s] [ 48%] [32mBuilding C object CMakeFiles/motor_interfaces__rosidl_typesupport_introspection_c.dir/rosidl_typesupport_introspection_c/motor_interfaces/msg/detail/motor_command__type_support.c.o[0m
[2.014s] [ 53%] [32mBuilding CXX object CMakeFiles/motor_interfaces__rosidl_typesupport_c.dir/rosidl_typesupport_c/motor_interfaces/srv/set_motor_rpm__type_support.cpp.o[0m
[2.015s] [ 53%] [32mBuilding CXX object CMakeFiles/motor_interfaces__rosidl_typesupport_c.dir/rosidl_typesupport_c/motor_interfaces/msg/motor_command__type_support.cpp.o[0m
[2.050s] [ 56%] [32m[1mLinking C shared library libmotor_interfaces__rosidl_typesupport_introspection_c.so[0m
[2.054s] [ 58%] [32m[1mLinking CXX shared library libmotor_interfaces__rosidl_typesupport_c.so[0m
[2.081s] [ 61%] [32mBuilding CXX object CMakeFiles/motor_interfaces__rosidl_typesupport_fastrtps_c.dir/rosidl_typesupport_fastrtps_c/motor_interfaces/srv/detail/set_motor_rpm__type_support_c.cpp.o[0m
[2.082s] [ 64%] [32mBuilding CXX object CMakeFiles/motor_interfaces__rosidl_typesupport_fastrtps_c.dir/rosidl_typesupport_fastrtps_c/motor_interfaces/msg/detail/motor_command__type_support_c.cpp.o[0m
[2.088s] [ 64%] Built target motor_interfaces__rosidl_typesupport_introspection_c
[2.120s] [ 64%] Built target motor_interfaces__rosidl_typesupport_c
[2.214s] [ 66%] [32m[1mLinking CXX shared library libmotor_interfaces__rosidl_typesupport_cpp.so[0m
[2.277s] [ 66%] Built target motor_interfaces__rosidl_typesupport_cpp
[2.313s] [ 69%] [32m[1mLinking CXX shared library libmotor_interfaces__rosidl_typesupport_fastrtps_cpp.so[0m
[2.366s] [ 71%] [32m[1mLinking CXX shared library libmotor_interfaces__rosidl_typesupport_introspection_cpp.so[0m
[2.428s] [ 71%] Built target motor_interfaces__rosidl_typesupport_fastrtps_cpp
[2.449s] [ 71%] Built target motor_interfaces__rosidl_typesupport_introspection_cpp
[2.474s] [ 74%] [32m[1mLinking CXX shared library libmotor_interfaces__rosidl_typesupport_fastrtps_c.so[0m
[2.570s] [ 74%] Built target motor_interfaces__rosidl_typesupport_fastrtps_c
[2.591s] [ 74%] Built target motor_interfaces
[2.612s] [ 76%] [34m[1mGenerating Python code for ROS interfaces[0m
[2.968s] [ 76%] Built target motor_interfaces__py
[2.989s] [ 82%] [32mBuilding C object CMakeFiles/motor_interfaces__rosidl_generator_py.dir/rosidl_generator_py/motor_interfaces/srv/_set_motor_rpm_s.c.o[0m
[2.989s] [ 82%] [32mBuilding C object CMakeFiles/motor_interfaces__rosidl_generator_py.dir/rosidl_generator_py/motor_interfaces/msg/_motor_command_s.c.o[0m
[3.083s] [ 84%] [32m[1mLinking C shared library rosidl_generator_py/motor_interfaces/libmotor_interfaces__rosidl_generator_py.so[0m
[3.123s] [ 84%] Built target motor_interfaces__rosidl_generator_py
[3.143s] [ 92%] [32mBuilding C object CMakeFiles/motor_interfaces__rosidl_typesupport_fastrtps_c__pyext.dir/rosidl_generator_py/motor_interfaces/_motor_interfaces_s.ep.rosidl_typesupport_fastrtps_c.c.o[0m
[3.143s] [ 92%] [32mBuilding C object CMakeFiles/motor_interfaces__rosidl_typesupport_introspection_c__pyext.dir/rosidl_generator_py/motor_interfaces/_motor_interfaces_s.ep.rosidl_typesupport_introspection_c.c.o[0m
[3.143s] [ 92%] [32mBuilding C object CMakeFiles/motor_interfaces__rosidl_typesupport_c__pyext.dir/rosidl_generator_py/motor_interfaces/_motor_interfaces_s.ep.rosidl_typesupport_c.c.o[0m
[3.224s] [ 94%] [32m[1mLinking C shared library rosidl_generator_py/motor_interfaces/motor_interfaces_s__rosidl_typesupport_c.cpython-310-x86_64-linux-gnu.so[0m
[3.229s] [ 97%] [32m[1mLinking C shared library rosidl_generator_py/motor_interfaces/motor_interfaces_s__rosidl_typesupport_fastrtps_c.cpython-310-x86_64-linux-gnu.so[0m
[3.231s] [100%] [32m[1mLinking C shared library rosidl_generator_py/motor_interfaces/motor_interfaces_s__rosidl_typesupport_introspection_c.cpython-310-x86_64-linux-gnu.so[0m
[3.261s] [100%] Built target motor_interfaces__rosidl_typesupport_c__pyext
[3.266s] [100%] Built target motor_interfaces__rosidl_typesupport_introspection_c__pyext
[3.266s] [100%] Built target motor_interfaces__rosidl_typesupport_fastrtps_c__pyext
[3.280s] Invoked command in '/home/viktor/Desktop/Palletron/build/motor_interfaces' returned '0': CMAKE_PREFIX_PATH=/opt/ros/humble /usr/bin/cmake --build /home/viktor/Desktop/Palletron/build/motor_interfaces -- -j16 -l16
[3.352s] Invoking command in '/home/viktor/Desktop/Palletron/build/motor_interfaces': CMAKE_PREFIX_PATH=/opt/ros/humble /usr/bin/cmake --install /home/viktor/Desktop/Palletron/build/motor_interfaces
[3.359s] -- Install configuration: ""
[3.360s] -- Execute custom install script
[3.360s] -- Symlinking: /home/viktor/Desktop/Palletron/install/motor_interfaces/share/ament_index/resource_index/rosidl_interfaces/motor_interfaces
[3.369s] -- Symlinking: /home/viktor/Desktop/Palletron/install/motor_interfaces/include/motor_interfaces/motor_interfaces/msg/detail/motor_command__functions.h
[3.378s] -- Symlinking: /home/viktor/Desktop/Palletron/install/motor_interfaces/include/motor_interfaces/motor_interfaces/msg/detail/motor_command__struct.h
[3.386s] -- Symlinking: /home/viktor/Desktop/Palletron/install/motor_interfaces/include/motor_interfaces/motor_interfaces/msg/detail/motor_command__type_support.h
[3.394s] -- Symlinking: /home/viktor/Desktop/Palletron/install/motor_interfaces/include/motor_interfaces/motor_interfaces/msg/motor_command.h
[3.402s] -- Symlinking: /home/viktor/Desktop/Palletron/install/motor_interfaces/include/motor_interfaces/motor_interfaces/msg/rosidl_generator_c__visibility_control.h
[3.411s] -- Symlinking: /home/viktor/Desktop/Palletron/install/motor_interfaces/include/motor_interfaces/motor_interfaces/srv/detail/set_motor_rpm__functions.h
[3.419s] -- Symlinking: /home/viktor/Desktop/Palletron/install/motor_interfaces/include/motor_interfaces/motor_interfaces/srv/detail/set_motor_rpm__struct.h
[3.427s] -- Symlinking: /home/viktor/Desktop/Palletron/install/motor_interfaces/include/motor_interfaces/motor_interfaces/srv/detail/set_motor_rpm__type_support.h
[3.436s] -- Symlinking: /home/viktor/Desktop/Palletron/install/motor_interfaces/include/motor_interfaces/motor_interfaces/srv/set_motor_rpm.h
[3.445s] -- Symlinking: /home/viktor/Desktop/Palletron/install/motor_interfaces/share/motor_interfaces/environment/library_path.sh
[3.453s] -- Symlinking: /home/viktor/Desktop/Palletron/install/motor_interfaces/share/motor_interfaces/environment/library_path.dsv
[3.461s] -- Symlinking: /home/viktor/Desktop/Palletron/install/motor_interfaces/include/motor_interfaces/motor_interfaces/msg/detail/motor_command__rosidl_typesupport_fastrtps_c.h
[3.469s] -- Symlinking: /home/viktor/Desktop/Palletron/install/motor_interfaces/include/motor_interfaces/motor_interfaces/msg/rosidl_typesupport_fastrtps_c__visibility_control.h
[3.477s] -- Symlinking: /home/viktor/Desktop/Palletron/install/motor_interfaces/include/motor_interfaces/motor_interfaces/srv/detail/set_motor_rpm__rosidl_typesupport_fastrtps_c.h
[3.486s] -- Symlinking: /home/viktor/Desktop/Palletron/install/motor_interfaces/include/motor_interfaces/motor_interfaces/msg/detail/motor_command__rosidl_typesupport_introspection_c.h
[3.494s] -- Symlinking: /home/viktor/Desktop/Palletron/install/motor_interfaces/include/motor_interfaces/motor_interfaces/msg/rosidl_typesupport_introspection_c__visibility_control.h
[3.503s] -- Symlinking: /home/viktor/Desktop/Palletron/install/motor_interfaces/include/motor_interfaces/motor_interfaces/srv/detail/set_motor_rpm__rosidl_typesupport_introspection_c.h
[3.511s] -- Symlinking: /home/viktor/Desktop/Palletron/install/motor_interfaces/include/motor_interfaces/motor_interfaces/msg/detail/motor_command__builder.hpp
[3.519s] -- Symlinking: /home/viktor/Desktop/Palletron/install/motor_interfaces/include/motor_interfaces/motor_interfaces/msg/detail/motor_command__struct.hpp
[3.528s] -- Symlinking: /home/viktor/Desktop/Palletron/install/motor_interfaces/include/motor_interfaces/motor_interfaces/msg/detail/motor_command__traits.hpp
[3.536s] -- Symlinking: /home/viktor/Desktop/Palletron/install/motor_interfaces/include/motor_interfaces/motor_interfaces/msg/motor_command.hpp
[3.545s] -- Symlinking: /home/viktor/Desktop/Palletron/install/motor_interfaces/include/motor_interfaces/motor_interfaces/srv/detail/set_motor_rpm__builder.hpp
[3.553s] -- Symlinking: /home/viktor/Desktop/Palletron/install/motor_interfaces/include/motor_interfaces/motor_interfaces/srv/detail/set_motor_rpm__struct.hpp
[3.561s] -- Symlinking: /home/viktor/Desktop/Palletron/install/motor_interfaces/include/motor_interfaces/motor_interfaces/srv/detail/set_motor_rpm__traits.hpp
[3.569s] -- Symlinking: /home/viktor/Desktop/Palletron/install/motor_interfaces/include/motor_interfaces/motor_interfaces/srv/set_motor_rpm.hpp
[3.577s] -- Symlinking: /home/viktor/Desktop/Palletron/install/motor_interfaces/include/motor_interfaces/motor_interfaces/msg/detail/motor_command__rosidl_typesupport_fastrtps_cpp.hpp
[3.585s] -- Symlinking: /home/viktor/Desktop/Palletron/install/motor_interfaces/include/motor_interfaces/motor_interfaces/msg/rosidl_typesupport_fastrtps_cpp__visibility_control.h
[3.594s] -- Symlinking: /home/viktor/Desktop/Palletron/install/motor_interfaces/include/motor_interfaces/motor_interfaces/srv/detail/set_motor_rpm__rosidl_typesupport_fastrtps_cpp.hpp
[3.602s] -- Symlinking: /home/viktor/Desktop/Palletron/install/motor_interfaces/include/motor_interfaces/motor_interfaces/msg/detail/motor_command__rosidl_typesupport_introspection_cpp.hpp
[3.611s] -- Symlinking: /home/viktor/Desktop/Palletron/install/motor_interfaces/include/motor_interfaces/motor_interfaces/srv/detail/set_motor_rpm__rosidl_typesupport_introspection_cpp.hpp
[3.619s] -- Symlinking: /home/viktor/Desktop/Palletron/install/motor_interfaces/share/motor_interfaces/environment/pythonpath.sh
[3.627s] -- Symlinking: /home/viktor/Desktop/Palletron/install/motor_interfaces/share/motor_interfaces/environment/pythonpath.dsv
[3.636s] -- Symlinking: /home/viktor/Desktop/Palletron/install/motor_interfaces/local/lib/python3.10/dist-packages/motor_interfaces-0.0.0-py3.10.egg-info/PKG-INFO
[3.643s] -- Symlinking: /home/viktor/Desktop/Palletron/install/motor_interfaces/local/lib/python3.10/dist-packages/motor_interfaces-0.0.0-py3.10.egg-info/SOURCES.txt
[3.650s] -- Symlinking: /home/viktor/Desktop/Palletron/install/motor_interfaces/local/lib/python3.10/dist-packages/motor_interfaces-0.0.0-py3.10.egg-info/dependency_links.txt
[3.657s] -- Symlinking: /home/viktor/Desktop/Palletron/install/motor_interfaces/local/lib/python3.10/dist-packages/motor_interfaces-0.0.0-py3.10.egg-info/top_level.txt
[3.665s] -- Symlinking: /home/viktor/Desktop/Palletron/install/motor_interfaces/local/lib/python3.10/dist-packages/motor_interfaces/__init__.py
[3.672s] -- Symlinking: /home/viktor/Desktop/Palletron/install/motor_interfaces/local/lib/python3.10/dist-packages/motor_interfaces/_motor_interfaces_s.ep.rosidl_typesupport_c.c
[3.679s] -- Symlinking: /home/viktor/Desktop/Palletron/install/motor_interfaces/local/lib/python3.10/dist-packages/motor_interfaces/_motor_interfaces_s.ep.rosidl_typesupport_fastrtps_c.c
[3.685s] -- Symlinking: /home/viktor/Desktop/Palletron/install/motor_interfaces/local/lib/python3.10/dist-packages/motor_interfaces/_motor_interfaces_s.ep.rosidl_typesupport_introspection_c.c
[3.692s] -- Symlinking: /home/viktor/Desktop/Palletron/install/motor_interfaces/local/lib/python3.10/dist-packages/motor_interfaces/libmotor_interfaces__rosidl_generator_py.so
[3.699s] -- Symlinking: /home/viktor/Desktop/Palletron/install/motor_interfaces/local/lib/python3.10/dist-packages/motor_interfaces/motor_interfaces_s__rosidl_typesupport_c.cpython-310-x86_64-linux-gnu.so
[3.706s] -- Symlinking: /home/viktor/Desktop/Palletron/install/motor_interfaces/local/lib/python3.10/dist-packages/motor_interfaces/motor_interfaces_s__rosidl_typesupport_fastrtps_c.cpython-310-x86_64-linux-gnu.so
[3.712s] -- Symlinking: /home/viktor/Desktop/Palletron/install/motor_interfaces/local/lib/python3.10/dist-packages/motor_interfaces/motor_interfaces_s__rosidl_typesupport_introspection_c.cpython-310-x86_64-linux-gnu.so
[3.719s] -- Symlinking: /home/viktor/Desktop/Palletron/install/motor_interfaces/local/lib/python3.10/dist-packages/motor_interfaces/msg/__init__.py
[3.726s] -- Symlinking: /home/viktor/Desktop/Palletron/install/motor_interfaces/local/lib/python3.10/dist-packages/motor_interfaces/msg/_motor_command.py
[3.732s] -- Symlinking: /home/viktor/Desktop/Palletron/install/motor_interfaces/local/lib/python3.10/dist-packages/motor_interfaces/msg/_motor_command_s.c
[3.740s] -- Symlinking: /home/viktor/Desktop/Palletron/install/motor_interfaces/local/lib/python3.10/dist-packages/motor_interfaces/srv/__init__.py
[3.746s] -- Symlinking: /home/viktor/Desktop/Palletron/install/motor_interfaces/local/lib/python3.10/dist-packages/motor_interfaces/srv/_set_motor_rpm.py
[3.753s] -- Symlinking: /home/viktor/Desktop/Palletron/install/motor_interfaces/local/lib/python3.10/dist-packages/motor_interfaces/srv/_set_motor_rpm_s.c
[3.760s] -- Up-to-date symlink: /home/viktor/Desktop/Palletron/install/motor_interfaces/local/lib/python3.10/dist-packages/motor_interfaces/motor_interfaces_s__rosidl_typesupport_fastrtps_c.cpython-310-x86_64-linux-gnu.so
[3.760s] -- Up-to-date symlink: /home/viktor/Desktop/Palletron/install/motor_interfaces/local/lib/python3.10/dist-packages/motor_interfaces/motor_interfaces_s__rosidl_typesupport_introspection_c.cpython-310-x86_64-linux-gnu.so
[3.760s] -- Up-to-date symlink: /home/viktor/Desktop/Palletron/install/motor_interfaces/local/lib/python3.10/dist-packages/motor_interfaces/motor_interfaces_s__rosidl_typesupport_c.cpython-310-x86_64-linux-gnu.so
[3.761s] -- Symlinking: /home/viktor/Desktop/Palletron/install/motor_interfaces/share/motor_interfaces/srv/SetMotorRpm.idl
[3.767s] -- Symlinking: /home/viktor/Desktop/Palletron/install/motor_interfaces/share/motor_interfaces/msg/MotorCommand.idl
[3.774s] -- Symlinking: /home/viktor/Desktop/Palletron/install/motor_interfaces/share/motor_interfaces/srv/SetMotorRpm.srv
[3.781s] -- Symlinking: /home/viktor/Desktop/Palletron/install/motor_interfaces/share/motor_interfaces/srv/SetMotorRpm_Request.msg
[3.787s] -- Symlinking: /home/viktor/Desktop/Palletron/install/motor_interfaces/share/motor_interfaces/srv/SetMotorRpm_Response.msg
[3.794s] -- Symlinking: /home/viktor/Desktop/Palletron/install/motor_interfaces/share/motor_interfaces/msg/MotorCommand.msg
[3.801s] -- Symlinking: /home/viktor/Desktop/Palletron/install/motor_interfaces/share/ament_index/resource_index/package_run_dependencies/motor_interfaces
[3.807s] -- Symlinking: /home/viktor/Desktop/Palletron/install/motor_interfaces/share/ament_index/resource_index/parent_prefix_path/motor_interfaces
[3.814s] -- Symlinking: /home/viktor/Desktop/Palletron/install/motor_interfaces/share/motor_interfaces/environment/ament_prefix_path.sh
[3.820s] -- Symlinking: /home/viktor/Desktop/Palletron/install/motor_interfaces/share/motor_interfaces/environment/ament_prefix_path.dsv
[3.827s] -- Symlinking: /home/viktor/Desktop/Palletron/install/motor_interfaces/share/motor_interfaces/environment/path.sh
[3.834s] -- Symlinking: /home/viktor/Desktop/Palletron/install/motor_interfaces/share/motor_interfaces/environment/path.dsv
[3.841s] -- Symlinking: /home/viktor/Desktop/Palletron/install/motor_interfaces/share/motor_interfaces/local_setup.bash
[3.848s] -- Symlinking: /home/viktor/Desktop/Palletron/install/motor_interfaces/share/motor_interfaces/local_setup.sh
[3.854s] -- Symlinking: /home/viktor/Desktop/Palletron/install/motor_interfaces/share/motor_interfaces/local_setup.zsh
[3.861s] -- Symlinking: /home/viktor/Desktop/Palletron/install/motor_interfaces/share/motor_interfaces/local_setup.dsv
[3.868s] -- Symlinking: /home/viktor/Desktop/Palletron/install/motor_interfaces/share/motor_interfaces/package.dsv
[3.876s] -- Symlinking: /home/viktor/Desktop/Palletron/install/motor_interfaces/share/ament_index/resource_index/packages/motor_interfaces
[3.882s] -- Symlinking: /home/viktor/Desktop/Palletron/install/motor_interfaces/share/motor_interfaces/cmake/rosidl_cmake-extras.cmake
[3.889s] -- Symlinking: /home/viktor/Desktop/Palletron/install/motor_interfaces/share/motor_interfaces/cmake/ament_cmake_export_include_directories-extras.cmake
[3.896s] -- Symlinking: /home/viktor/Desktop/Palletron/install/motor_interfaces/share/motor_interfaces/cmake/ament_cmake_export_libraries-extras.cmake
[3.903s] -- Symlinking: /home/viktor/Desktop/Palletron/install/motor_interfaces/share/motor_interfaces/cmake/ament_cmake_export_targets-extras.cmake
[3.910s] -- Symlinking: /home/viktor/Desktop/Palletron/install/motor_interfaces/share/motor_interfaces/cmake/rosidl_cmake_export_typesupport_targets-extras.cmake
[3.918s] -- Symlinking: /home/viktor/Desktop/Palletron/install/motor_interfaces/share/motor_interfaces/cmake/ament_cmake_export_dependencies-extras.cmake
[3.925s] -- Symlinking: /home/viktor/Desktop/Palletron/install/motor_interfaces/share/motor_interfaces/cmake/rosidl_cmake_export_typesupport_libraries-extras.cmake
[3.932s] -- Symlinking: /home/viktor/Desktop/Palletron/install/motor_interfaces/share/motor_interfaces/cmake/motor_interfacesConfig.cmake
[3.939s] -- Symlinking: /home/viktor/Desktop/Palletron/install/motor_interfaces/share/motor_interfaces/cmake/motor_interfacesConfig-version.cmake
[3.945s] -- Symlinking: /home/viktor/Desktop/Palletron/install/motor_interfaces/share/motor_interfaces/package.xml
[3.952s] -- Installing: /home/viktor/Desktop/Palletron/install/motor_interfaces/lib/libmotor_interfaces__rosidl_generator_c.so
[3.953s] -- Set runtime path of "/home/viktor/Desktop/Palletron/install/motor_interfaces/lib/libmotor_interfaces__rosidl_generator_c.so" to ""
[3.953s] -- Installing: /home/viktor/Desktop/Palletron/install/motor_interfaces/lib/libmotor_interfaces__rosidl_typesupport_fastrtps_c.so
[3.953s] -- Set runtime path of "/home/viktor/Desktop/Palletron/install/motor_interfaces/lib/libmotor_interfaces__rosidl_typesupport_fastrtps_c.so" to ""
[3.953s] -- Installing: /home/viktor/Desktop/Palletron/install/motor_interfaces/lib/libmotor_interfaces__rosidl_typesupport_introspection_c.so
[3.953s] -- Set runtime path of "/home/viktor/Desktop/Palletron/install/motor_interfaces/lib/libmotor_interfaces__rosidl_typesupport_introspection_c.so" to ""
[3.954s] -- Installing: /home/viktor/Desktop/Palletron/install/motor_interfaces/lib/libmotor_interfaces__rosidl_typesupport_c.so
[3.954s] -- Set runtime path of "/home/viktor/Desktop/Palletron/install/motor_interfaces/lib/libmotor_interfaces__rosidl_typesupport_c.so" to ""
[3.954s] -- Installing: /home/viktor/Desktop/Palletron/install/motor_interfaces/lib/libmotor_interfaces__rosidl_typesupport_fastrtps_cpp.so
[3.954s] -- Set runtime path of "/home/viktor/Desktop/Palletron/install/motor_interfaces/lib/libmotor_interfaces__rosidl_typesupport_fastrtps_cpp.so" to ""
[3.954s] -- Installing: /home/viktor/Desktop/Palletron/install/motor_interfaces/lib/libmotor_interfaces__rosidl_typesupport_introspection_cpp.so
[3.955s] -- Set runtime path of "/home/viktor/Desktop/Palletron/install/motor_interfaces/lib/libmotor_interfaces__rosidl_typesupport_introspection_cpp.so" to ""
[3.955s] -- Installing: /home/viktor/Desktop/Palletron/install/motor_interfaces/lib/libmotor_interfaces__rosidl_typesupport_cpp.so
[3.955s] -- Set runtime path of "/home/viktor/Desktop/Palletron/install/motor_interfaces/lib/libmotor_interfaces__rosidl_typesupport_cpp.so" to ""
[3.988s] Listing '/home/viktor/Desktop/Palletron/install/motor_interfaces/local/lib/python3.10/dist-packages/motor_interfaces'...
[3.988s] Compiling '/home/viktor/Desktop/Palletron/install/motor_interfaces/local/lib/python3.10/dist-packages/motor_interfaces/__init__.py'...
[3.988s] Listing '/home/viktor/Desktop/Palletron/install/motor_interfaces/local/lib/python3.10/dist-packages/motor_interfaces/msg'...
[3.988s] Compiling '/home/viktor/Desktop/Palletron/install/motor_interfaces/local/lib/python3.10/dist-packages/motor_interfaces/msg/__init__.py'...
[3.989s] Compiling '/home/viktor/Desktop/Palletron/install/motor_interfaces/local/lib/python3.10/dist-packages/motor_interfaces/msg/_motor_command.py'...
[3.989s] Listing '/home/viktor/Desktop/Palletron/install/motor_interfaces/local/lib/python3.10/dist-packages/motor_interfaces/srv'...
[3.989s] Compiling '/home/viktor/Desktop/Palletron/install/motor_interfaces/local/lib/python3.10/dist-packages/motor_interfaces/srv/__init__.py'...
[3.989s] Compiling '/home/viktor/Desktop/Palletron/install/motor_interfaces/local/lib/python3.10/dist-packages/motor_interfaces/srv/_set_motor_rpm.py'...
[3.991s] -- Installing: /home/viktor/Desktop/Palletron/install/motor_interfaces/lib/libmotor_interfaces__rosidl_generator_py.so
[3.991s] -- Set runtime path of "/home/viktor/Desktop/Palletron/install/motor_interfaces/lib/libmotor_interfaces__rosidl_generator_py.so" to ""
[3.992s] -- Installing: /home/viktor/Desktop/Palletron/install/motor_interfaces/share/motor_interfaces/cmake/export_motor_interfaces__rosidl_generator_cExport.cmake
[3.992s] -- Installing: /home/viktor/Desktop/Palletron/install/motor_interfaces/share/motor_interfaces/cmake/export_motor_interfaces__rosidl_generator_cExport-noconfig.cmake
[3.992s] -- Installing: /home/viktor/Desktop/Palletron/install/motor_interfaces/share/motor_interfaces/cmake/export_motor_interfaces__rosidl_typesupport_fastrtps_cExport.cmake
[3.992s] -- Installing: /home/viktor/Desktop/Palletron/install/motor_interfaces/share/motor_interfaces/cmake/export_motor_interfaces__rosidl_typesupport_fastrtps_cExport-noconfig.cmake
[3.992s] -- Installing: /home/viktor/Desktop/Palletron/install/motor_interfaces/share/motor_interfaces/cmake/motor_interfaces__rosidl_typesupport_introspection_cExport.cmake
[3.992s] -- Installing: /home/viktor/Desktop/Palletron/install/motor_interfaces/share/motor_interfaces/cmake/motor_interfaces__rosidl_typesupport_introspection_cExport-noconfig.cmake
[3.992s] -- Installing: /home/viktor/Desktop/Palletron/install/motor_interfaces/share/motor_interfaces/cmake/motor_interfaces__rosidl_typesupport_cExport.cmake
[3.992s] -- Installing: /home/viktor/Desktop/Palletron/install/motor_interfaces/share/motor_interfaces/cmake/motor_interfaces__rosidl_typesupport_cExport-noconfig.cmake
[3.992s] -- Installing: /home/viktor/Desktop/Palletron/install/motor_interfaces/share/motor_interfaces/cmake/export_motor_interfaces__rosidl_generator_cppExport.cmake
[3.992s] -- Installing: /home/viktor/Desktop/Palletron/install/motor_interfaces/share/motor_interfaces/cmake/export_motor_interfaces__rosidl_typesupport_fastrtps_cppExport.cmake
[3.992s] -- Installing: /home/viktor/Desktop/Palletron/install/motor_interfaces/share/motor_interfaces/cmake/export_motor_interfaces__rosidl_typesupport_fastrtps_cppExport-noconfig.cmake
[3.993s] -- Installing: /home/viktor/Desktop/Palletron/install/motor_interfaces/share/motor_interfaces/cmake/motor_interfaces__rosidl_typesupport_introspection_cppExport.cmake
[3.993s] -- Installing: /home/viktor/Desktop/Palletron/install/motor_interfaces/share/motor_interfaces/cmake/motor_interfaces__rosidl_typesupport_introspection_cppExport-noconfig.cmake
[3.993s] -- Installing: /home/viktor/Desktop/Palletron/install/motor_interfaces/share/motor_interfaces/cmake/motor_interfaces__rosidl_typesupport_cppExport.cmake
[3.993s] -- Installing: /home/viktor/Desktop/Palletron/install/motor_interfaces/share/motor_interfaces/cmake/motor_interfaces__rosidl_typesupport_cppExport-noconfig.cmake
[3.993s] -- Installing: /home/viktor/Desktop/Palletron/install/motor_interfaces/share/motor_interfaces/cmake/export_motor_interfaces__rosidl_generator_pyExport.cmake
[3.993s] -- Installing: /home/viktor/Desktop/Palletron/install/motor_interfaces/share/motor_interfaces/cmake/export_motor_interfaces__rosidl_generator_pyExport-noconfig.cmake
[3.996s] Invoked command in '/home/viktor/Desktop/Palletron/build/motor_interfaces' returned '0': CMAKE_PREFIX_PATH=/opt/ros/humble /usr/bin/cmake --install /home/viktor/Desktop/Palletron/build/motor_interfaces
